#
# A fatal error has been detected by the Java Runtime Environment:
#
#  SIGBUS (0xa) at pc=0x0000000111ab94e4, pid=10422, tid=30211
#
# JRE version: OpenJDK Runtime Environment Temurin-17.0.7+7 (17.0.7+7) (build 17.0.7+7)
# Java VM: OpenJDK 64-Bit Server VM Temurin-17.0.7+7 (17.0.7+7, mixed mode, emulated-client, tiered, compressed oops, compressed class ptrs, g1 gc, bsd-aarch64)
# Problematic frame:
# v  ~StubRoutines::SafeFetch32
#
# No core dump will be written. Core dumps have been disabled. To enable core dumping, try "ulimit -c unlimited" before starting Java again
#
# JFR recording file will be written. Location: /Users/gimminjae/Desktop/develop/2023/vvip/server/hs_err_pid10422.jfr
#
# If you would like to submit a bug report, please visit:
#   https://github.com/adoptium/adoptium-support/issues
# The crash happened outside the Java Virtual Machine in native code.
# See problematic frame for where to report the bug.
#

---------------  S U M M A R Y ------------

Command Line: -XX:TieredStopAtLevel=1 -Dspring.output.ansi.enabled=always -Dcom.sun.management.jmxremote -Dspring.jmx.enabled=true -Dspring.liveBeansView.mbeanDomain -Dspring.application.admin.enabled=true -Dmanagement.endpoints.jmx.exposure.include=* -javaagent:/Users/gimminjae/Library/Application Support/JetBrains/Toolbox/apps/IDEA-U/ch-0/232.10227.8/IntelliJ IDEA.app/Contents/lib/idea_rt.jar=56334:/Users/gimminjae/Library/Application Support/JetBrains/Toolbox/apps/IDEA-U/ch-0/232.10227.8/IntelliJ IDEA.app/Contents/bin -agentpath:/private/var/folders/f3/ctzdcn5x00s813l706yxzb_40000gn/T/libasyncProfiler.dylib=start,jfr,event=wall,interval=10ms,jfrsync=profile,cstack=no,file=/Users/gimminjae/IdeaSnapshots/ServerApplication_2023_11_22_162210.jfr,log=/private/var/folders/f3/ctzdcn5x00s813l706yxzb_40000gn/T/ServerApplication_2023_11_22_162210.jfr.log.txt,logLevel=DEBUG -Dfile.encoding=UTF-8 com.aim.server.ServerApplicationKt

Host: "MacBookPro18,1" arm64, 10 cores, 32G, Darwin 23.1.0, macOS 14.1.1 (23B81)
Time: Wed Nov 22 16:22:11 2023 KST elapsed time: 0.974033 seconds (0d 0h 0m 0s)

---------------  T H R E A D  ---------------

Current thread (0x00000001532fa400):  JavaThread "Monitor Ctrl-Break" daemon [_thread_in_native, id=30211, stack(0x000000016f81c000,0x000000016fa1f000)]

Stack: [0x000000016f81c000,0x000000016fa1f000],  sp=0x000000016fa1cdb0,  free space=2051k
Native frames: (J=compiled Java code, j=interpreted, Vv=VM code, C=native code)
v  ~StubRoutines::SafeFetch32
V  [libjvm.dylib+0x7c7460]  os::is_readable_range(void const*, void const*)+0x2c
V  [libjvm.dylib+0x77426c]  Method::is_valid_method(Method const*)+0x38
V  [libjvm.dylib+0x35e3b0]  forte_fill_call_trace_given_top(JavaThread*, ASGCT_CallTrace*, int, frame)+0x1e0
V  [libjvm.dylib+0x35e1a8]  AsyncGetCallTrace+0x1e0
C  [libasyncProfiler.dylib+0x3e400]  Profiler::getJavaTraceAsync(void*, ASGCT_CallFrame*, int, StackContext*)+0x15c
C  [libasyncProfiler.dylib+0x3f518]  Profiler::recordSampleForThread(int, void*, unsigned long long, EventType, Event*, int*)+0x15c
C  [libasyncProfiler.dylib+0x4e114]  WallClock::signalHandler(int, __siginfo*, void*)+0xa8
C  [libsystem_platform.dylib+0x3a24]  _sigtramp+0x38
C  [libnio.dylib+0x711c]  Java_sun_nio_ch_SocketDispatcher_read0+0x30
j  sun.nio.ch.SocketDispatcher.read0(Ljava/io/FileDescriptor;JI)I+0 java.base@17.0.7
j  sun.nio.ch.SocketDispatcher.read(Ljava/io/FileDescriptor;JI)I+4 java.base@17.0.7
j  sun.nio.ch.NioSocketImpl.tryRead(Ljava/io/FileDescriptor;[BII)I+45 java.base@17.0.7
j  sun.nio.ch.NioSocketImpl.implRead([BII)I+99 java.base@17.0.7
j  sun.nio.ch.NioSocketImpl.read([BII)I+54 java.base@17.0.7
j  sun.nio.ch.NioSocketImpl$1.read([BII)I+7 java.base@17.0.7
j  java.net.Socket$SocketInputStream.read([BII)I+7 java.base@17.0.7
j  sun.nio.cs.StreamDecoder.readBytes()I+117 java.base@17.0.7
j  sun.nio.cs.StreamDecoder.implRead([CII)I+112 java.base@17.0.7
j  sun.nio.cs.StreamDecoder.read([CII)I+180 java.base@17.0.7
j  java.io.InputStreamReader.read([CII)I+7 java.base@17.0.7
j  java.io.BufferedReader.fill()V+145 java.base@17.0.7
j  java.io.BufferedReader.readLine(Z[Z)Ljava/lang/String;+52 java.base@17.0.7
j  java.io.BufferedReader.readLine()Ljava/lang/String;+3 java.base@17.0.7
j  com.intellij.rt.execution.application.AppMainV2$1.run()V+36
v  ~StubRoutines::call_stub
V  [libjvm.dylib+0x470c70]  JavaCalls::call_helper(JavaValue*, methodHandle const&, JavaCallArguments*, JavaThread*)+0x38c
V  [libjvm.dylib+0x46fc8c]  JavaCalls::call_virtual(JavaValue*, Klass*, Symbol*, Symbol*, JavaCallArguments*, JavaThread*)+0x11c
V  [libjvm.dylib+0x46fd58]  JavaCalls::call_virtual(JavaValue*, Handle, Klass*, Symbol*, Symbol*, JavaThread*)+0x64
V  [libjvm.dylib+0x52845c]  thread_entry(JavaThread*, JavaThread*)+0xc4
V  [libjvm.dylib+0x9ac384]  JavaThread::thread_main_inner()+0x150
V  [libjvm.dylib+0x9aaa0c]  Thread::call_run()+0xe0
V  [libjvm.dylib+0x7ca4c8]  thread_native_entry(Thread*)+0x158
C  [libsystem_pthread.dylib+0x7034]  _pthread_start+0x88

Java frames: (J=compiled Java code, j=interpreted, Vv=VM code)
j  sun.nio.ch.SocketDispatcher.read0(Ljava/io/FileDescriptor;JI)I+0 java.base@17.0.7
j  sun.nio.ch.SocketDispatcher.read(Ljava/io/FileDescriptor;JI)I+4 java.base@17.0.7
j  sun.nio.ch.NioSocketImpl.tryRead(Ljava/io/FileDescriptor;[BII)I+45 java.base@17.0.7
j  sun.nio.ch.NioSocketImpl.implRead([BII)I+99 java.base@17.0.7
j  sun.nio.ch.NioSocketImpl.read([BII)I+54 java.base@17.0.7
j  sun.nio.ch.NioSocketImpl$1.read([BII)I+7 java.base@17.0.7
j  java.net.Socket$SocketInputStream.read([BII)I+7 java.base@17.0.7
j  sun.nio.cs.StreamDecoder.readBytes()I+117 java.base@17.0.7
j  sun.nio.cs.StreamDecoder.implRead([CII)I+112 java.base@17.0.7
j  sun.nio.cs.StreamDecoder.read([CII)I+180 java.base@17.0.7
j  java.io.InputStreamReader.read([CII)I+7 java.base@17.0.7
j  java.io.BufferedReader.fill()V+145 java.base@17.0.7
j  java.io.BufferedReader.readLine(Z[Z)Ljava/lang/String;+52 java.base@17.0.7
j  java.io.BufferedReader.readLine()Ljava/lang/String;+3 java.base@17.0.7
j  com.intellij.rt.execution.application.AppMainV2$1.run()V+36
v  ~StubRoutines::call_stub

siginfo: si_signo: 10 (SIGBUS), si_code: 1 (BUS_ADRALN), si_addr: 0x0000000111ab94e4

Register to memory mapping:

 x0=0x000000012a51d000 is pointing into metadata
 x1=0x00000000cafebabe is an unknown value
 x2=0x0 is NULL
 x3=0x0 is NULL
 x4=0x000000016fa1dc10 is pointing into the stack for thread: 0x00000001532fa400
 x5=0x000000016fa1dc10 is pointing into the stack for thread: 0x00000001532fa400
 x6=0x0000000109c76000: temp_path_storage+0x1c0 in /Library/Java/JavaVirtualMachines/temurin-17.jdk/Contents/Home/lib/server/libjvm.dylib at 0x000000010900c000
 x7=0x0000000000000058 is an unknown value
 x8=0x0000000111ab94e0 is at begin+0 in a stub
StubRoutines::SafeFetch32 [0x0000000111ab94e0, 0x0000000111ab94ec] (12 bytes)
 x9=0x0000000000000450 is an unknown value
x10=0x0000000111abd600 is pointing into interpreter code (not bytecode specific)
x11=0x00000000000000ab is an unknown value
x12=0x00000000000000ab is an unknown value
x13=0x0 is NULL
x14=0x0000000102ce553d: _MergedGlobals+0x50cd in /Library/Java/JavaVirtualMachines/temurin-17.jdk/Contents/Home/lib/libnio.dylib at 0x0000000102cd0000
x15=0x0000000000000001 is an unknown value
x16=0x0000000184b4beac: pthread_getspecific+0 in /usr/lib/system/libsystem_pthread.dylib at 0x0000000184b4a000
x17=0x0000000161daf8c0 points into unknown readable memory: 0xfffffffffffffffe | fe ff ff ff ff ff ff ff
x18=0x0 is NULL
x19=0x000000012a51d000 is pointing into metadata
x20=0x00000001532fa400 is a thread
x21=0x0000000000000001 is an unknown value
x22={method} {0x000000012a51d7e0} 'read0' '(Ljava/io/FileDescriptor;JI)I' in 'sun/nio/ch/SocketDispatcher'
x23=0x0000000109c779b0: _ZN12StubRoutines18_safefetch32_entryE+0 in /Library/Java/JavaVirtualMachines/temurin-17.jdk/Contents/Home/lib/server/libjvm.dylib at 0x000000010900c000
x24=0x00000000cafebabe is an unknown value
x25=0x00000001532fa6a8 points into unknown readable memory: 0x0000000109c3a928 | 28 a9 c3 09 01 00 00 00
x26=0x000000016fa1d990 is pointing into the stack for thread: 0x00000001532fa400
x27=0x000000015807c3d8 points into unknown readable memory: 0x7365540700000149 | 49 01 00 00 07 54 65 73
x28=0x0000000184b11470: read+0x4 in /usr/lib/system/libsystem_kernel.dylib at 0x0000000184b0f000


Registers:
 x0=0x000000012a51d000  x1=0x00000000cafebabe  x2=0x0000000000000000  x3=0x0000000000000000
 x4=0x000000016fa1dc10  x5=0x000000016fa1dc10  x6=0x0000000109c76000  x7=0x0000000000000058
 x8=0x0000000111ab94e0  x9=0x0000000000000450 x10=0x0000000111abd600 x11=0x00000000000000ab
x12=0x00000000000000ab x13=0x0000000000000000 x14=0x0000000102ce553d x15=0x0000000000000001
x16=0x0000000184b4beac x17=0x0000000161daf8c0 x18=0x0000000000000000 x19=0x000000012a51d000
x20=0x00000001532fa400 x21=0x0000000000000001 x22=0x000000012a51d7e0 x23=0x0000000109c779b0
x24=0x00000000cafebabe x25=0x00000001532fa6a8 x26=0x000000016fa1d990 x27=0x000000015807c3d8
x28=0x0000000184b11470  fp=0x000000016fa1cde0  lr=0x00000001097d2e60  sp=0x000000016fa1cdb0
pc=0x0000000111ab94e4 cpsr=0x0000000060001000
Top of Stack: (sp=0x000000016fa1cdb0)
0x000000016fa1cdb0:   00000001532fa400 00000000000007ff
0x000000016fa1cdc0:   000000012a51d7e0 00000001532fa400
0x000000016fa1cdd0:   000000012a51d000 000000012a51d838
0x000000016fa1cde0:   000000016fa1ce00 00000001097d3460
0x000000016fa1cdf0:   0000000000000800 000000012a51d7e0
0x000000016fa1ce00:   000000016fa1ce20 000000010978026c
0x000000016fa1ce10:   0000000000000800 000000016fa1db70
0x000000016fa1ce20:   000000016fa1da90 000000010936a3b0
0x000000016fa1ce30:   0000000241fac838 0000000241fb2f30
0x000000016fa1ce40:   0000000241fc4c58 0000000241fc4a40
0x000000016fa1ce50:   0000000241fbd518 0000000241fbb290
0x000000016fa1ce60:   0000000241fc2418 0000000242153ae8
0x000000016fa1ce70:   0000000241fc4800 0000000241facd00
0x000000016fa1ce80:   0000000241facf38 0000000102e738f0
0x000000016fa1ce90:   0000000241fadce0 0000000241fab5ec
0x000000016fa1cea0:   0000000241fc3f70 0000000241fc5568
0x000000016fa1ceb0:   0000000241fb0568 0000000241fc5780
0x000000016fa1cec0:   0000000241faf310 0000000241fb96c8
0x000000016fa1ced0:   0000000241faec10 0000000241fbdbe8
0x000000016fa1cee0:   0000000241fb1190 0000000241fb7178
0x000000016fa1cef0:   0000000241fb3188 0000000241fc06f8
0x000000016fa1cf00:   0000000241fc30b8 0000000241fc38e8
0x000000016fa1cf10:   0000000241fb33b0 0000000241fb02d0
0x000000016fa1cf20:   0000000241fc1fa0 0000000241fc7c08
0x000000016fa1cf30:   0000000241fc04e0 0000000241fc7e10
0x000000016fa1cf40:   0000000241fc7058 0000000241fb5930
0x000000016fa1cf50:   0000000241fc8280 0000000241fc2200
0x000000016fa1cf60:   0000000241fb9938 0000000241fc7270
0x000000016fa1cf70:   0000000241fb2cb0 0000000241fc6930
0x000000016fa1cf80:   0000000241fb78d8 0000000241fc6018
0x000000016fa1cf90:   0000000241fc5bd8 0000000241fc34c8
0x000000016fa1cfa0:   0000000241fdaf10 0000000241fb8f78 

Instructions: (pc=0x0000000111ab94e4)
0x0000000111ab93e4:   1e614000 1400003a d29a2809 f2a13889
0x0000000111ab93f4:   f2c00029 6d425935 1e640886 0c402d31
0x0000000111ab9404:   1e6408c7 1f5654d0 1e6c1017 1f5050d0
0x0000000111ab9414:   1f504cd0 1f5048d0 1e650af6 1f50d8f6
0x0000000111ab9424:   1f5694d6 1f5158f6 1e762880 36000501
0x0000000111ab9434:   1e614000 14000026 2e251ca5 d29a3009
0x0000000111ab9444:   f2a13889 f2c00029 6d425d36 1e600806
0x0000000111ab9454:   0c402d32 1f5758c7 1e6c101a 1f4754c7
0x0000000111ab9464:   1e650805 1f4750c7 d2866668 f2a7fa68
0x0000000111ab9474:   1f474cc7 1e6608c0 1f4748c7 1e6e1019
0x0000000111ab9484:   eb08007f 540000ac 1f479400 1f460340
0x0000000111ab9494:   1e603b20 1400000e d2a7fd29 eb09007f
0x0000000111ab94a4:   540000ac 51480069 d3607d29 9e670121
0x0000000111ab94b4:   14000002 1e6a5001 1f679417 1f668742
0x0000000111ab94c4:   1e613b23 1e773857 1e773860 a8c17ff3
0x0000000111ab94d4:   910003bf a8c17bfd d65f03c0 b9400001
0x0000000111ab94e4:   aa0103e0 d65f03c0 f9400001 aa0103e0
0x0000000111ab94f4:   d65f03c0 00000000 00000000 00000000
0x0000000111ab9504:   00000000 00000000 00000000 00000000
0x0000000111ab9514:   00000000 00000000 00000000 00000000
0x0000000111ab9524:   00000000 00000000 00000000 00000000
0x0000000111ab9534:   00000000 00000000 00000000 00000000
0x0000000111ab9544:   00000000 00000000 00000000 00000000
0x0000000111ab9554:   00000000 00000000 00000000 00000000
0x0000000111ab9564:   00000000 00000000 00000000 00000000
0x0000000111ab9574:   00000000 00000000 00000000 00000000
0x0000000111ab9584:   00000000 00000000 00000000 00000000
0x0000000111ab9594:   00000000 00000000 00000000 00000000
0x0000000111ab95a4:   00000000 00000000 00000000 00000000
0x0000000111ab95b4:   00000000 00000000 00000000 00000000
0x0000000111ab95c4:   00000000 00000000 00000000 00000000
0x0000000111ab95d4:   00000000 00000000 00000000 00000000 


Stack slot to memory mapping:
stack at sp + 0 slots: 0x00000001532fa400 is a thread
stack at sp + 1 slots: 0x00000000000007ff is an unknown value
stack at sp + 2 slots: {method} {0x000000012a51d7e0} 'read0' '(Ljava/io/FileDescriptor;JI)I' in 'sun/nio/ch/SocketDispatcher'
stack at sp + 3 slots: 0x00000001532fa400 is a thread
stack at sp + 4 slots: 0x000000012a51d000 is pointing into metadata
stack at sp + 5 slots: 0x000000012a51d838 is pointing into metadata
stack at sp + 6 slots: 0x000000016fa1ce00 is pointing into the stack for thread: 0x00000001532fa400
stack at sp + 7 slots: 0x00000001097d3460: _ZN2os17is_readable_rangeEPKvS1_+0x2c in /Library/Java/JavaVirtualMachines/temurin-17.jdk/Contents/Home/lib/server/libjvm.dylib at 0x000000010900c000

StubRoutines::SafeFetch32 [0x0000000111ab94e0, 0x0000000111ab94ec] (12 bytes)
[MachCode]
  0x0000000111ab94e0: 0100 40b9 | e003 01aa | c003 5fd6 
[/MachCode]

---------------  P R O C E S S  ---------------

Threads class SMR info:
_java_thread_list=0x0000000161c6c1b0, length=16, elements={
0x0000000153009a00, 0x000000015311d600, 0x000000015311fe00, 0x0000000153c1f600,
0x0000000153120a00, 0x0000000153124200, 0x0000000153124800, 0x0000000153c1fc00,
0x0000000153124e00, 0x0000000153106a00, 0x0000000153107000, 0x00000001532fa400,
0x00000001548a6a00, 0x0000000153ef8a00, 0x0000000153c3d800, 0x00000001600c2c00
}

Java Threads: ( => current thread )
  0x0000000153009a00 JavaThread "main" [_thread_in_vm, id=10243, stack(0x000000016d438000,0x000000016d63b000)]
  0x000000015311d600 JavaThread "Reference Handler" daemon [_thread_blocked, id=18947, stack(0x000000016e28c000,0x000000016e48f000)]
  0x000000015311fe00 JavaThread "Finalizer" daemon [_thread_blocked, id=18691, stack(0x000000016e498000,0x000000016e69b000)]
  0x0000000153c1f600 JavaThread "Signal Dispatcher" daemon [_thread_blocked, id=23299, stack(0x000000016e7bc000,0x000000016e9bf000)]
  0x0000000153120a00 JavaThread "Service Thread" daemon [_thread_blocked, id=23555, stack(0x000000016e9c8000,0x000000016ebcb000)]
  0x0000000153124200 JavaThread "Monitor Deflation Thread" daemon [_thread_blocked, id=24067, stack(0x000000016ebd4000,0x000000016edd7000)]
  0x0000000153124800 JavaThread "C1 CompilerThread0" daemon [_thread_blocked, id=24579, stack(0x000000016ede0000,0x000000016efe3000)]
  0x0000000153c1fc00 JavaThread "Sweeper thread" daemon [_thread_blocked, id=30979, stack(0x000000016efec000,0x000000016f1ef000)]
  0x0000000153124e00 JavaThread "Common-Cleaner" daemon [_thread_blocked, id=25347, stack(0x000000016f1f8000,0x000000016f3fb000)]
  0x0000000153106a00 JavaThread "C1 CompilerThread1" daemon [_thread_blocked, id=25859, stack(0x000000016f404000,0x000000016f607000)]
  0x0000000153107000 JavaThread "C1 CompilerThread2" daemon [_thread_blocked, id=30467, stack(0x000000016f610000,0x000000016f813000)]
=>0x00000001532fa400 JavaThread "Monitor Ctrl-Break" daemon [_thread_in_native, id=30211, stack(0x000000016f81c000,0x000000016fa1f000)]
  0x00000001548a6a00 JavaThread "JFR Recorder Thread" daemon [_thread_blocked, id=26371, stack(0x000000016fa28000,0x000000016fc2b000)]
  0x0000000153ef8a00 JavaThread "JFR Periodic Tasks" daemon [_thread_blocked, id=26883, stack(0x000000016fc34000,0x000000016fe37000)]
  0x0000000153c3d800 JavaThread "Async-profiler Timer" daemon [_thread_in_native, id=41731, stack(0x0000000171344000,0x0000000171547000)]
  0x00000001600c2c00 JavaThread "Notification Thread" daemon [_thread_blocked, id=34819, stack(0x0000000171550000,0x0000000171753000)]

Other Threads:
  0x0000000161d45ca0 VMThread "VM Thread" [stack: 0x000000016e080000,0x000000016e283000] [id=17923]
  0x0000000160ef1590 GCTaskThread "GC Thread#0" [stack: 0x000000016d644000,0x000000016d847000] [id=13571]
  0x0000000160fb13b0 GCTaskThread "GC Thread#1" [stack: 0x000000016fe40000,0x0000000170043000] [id=29443]
  0x0000000161c927c0 GCTaskThread "GC Thread#2" [stack: 0x000000017004c000,0x000000017024f000] [id=28931]
  0x0000000161c93000 GCTaskThread "GC Thread#3" [stack: 0x0000000170258000,0x000000017045b000] [id=28419]
  0x0000000161c93cc0 GCTaskThread "GC Thread#4" [stack: 0x0000000170464000,0x0000000170667000] [id=27395]
  0x0000000161c94980 GCTaskThread "GC Thread#5" [stack: 0x0000000170670000,0x0000000170873000] [id=28163]
  0x0000000161c95640 GCTaskThread "GC Thread#6" [stack: 0x000000017087c000,0x0000000170a7f000] [id=32771]
  0x0000000161c96300 GCTaskThread "GC Thread#7" [stack: 0x0000000170a88000,0x0000000170c8b000] [id=43011]
  0x0000000161c96fc0 GCTaskThread "GC Thread#8" [stack: 0x0000000170c94000,0x0000000170e97000] [id=33283]
  0x0000000160ef2450 ConcurrentGCThread "G1 Main Marker" [stack: 0x000000016d850000,0x000000016da53000] [id=12291]
  0x0000000160ef3220 ConcurrentGCThread "G1 Conc#0" [stack: 0x000000016da5c000,0x000000016dc5f000] [id=13315]
  0x0000000161d11420 ConcurrentGCThread "G1 Refine#0" [stack: 0x000000016dc68000,0x000000016de6b000] [id=16899]
  0x0000000161c98090 ConcurrentGCThread "G1 Refine#1" [stack: 0x0000000170ea0000,0x00000001710a3000] [id=42499]
  0x0000000154108980 ConcurrentGCThread "G1 Refine#2" [stack: 0x00000001710ac000,0x00000001712af000] [id=41987]
  0x0000000161d121c0 ConcurrentGCThread "G1 Service" [stack: 0x000000016de74000,0x000000016e077000] [id=21251]

Threads with active compile tasks:

VM state: not at safepoint (normal execution)

VM Mutex/Monitor currently owned by a thread: None

Heap address: 0x0000000600000000, size: 8192 MB, Compressed Oops mode: Zero based, Oop shift amount: 3

CDS archive(s) not mapped
Compressed class space mapped at: 0x0000000800000000-0x0000000840000000, reserved size: 1073741824
Narrow klass base: 0x0000000800000000, Narrow klass shift: 0, Narrow klass range: 0x40000000

GC Precious Log:
 CPUs: 10 total, 10 available
 Memory: 32768M
 Large Page Support: Disabled
 NUMA Support: Disabled
 Compressed Oops: Enabled (Zero based)
 Heap Region Size: 4M
 Heap Min Capacity: 8M
 Heap Initial Capacity: 512M
 Heap Max Capacity: 8G
 Pre-touch: Disabled
 Parallel Workers: 9
 Concurrent Workers: 2
 Concurrent Refinement Workers: 9
 Periodic GC: Disabled

Heap:
 garbage-first heap   total 524288K, used 7682K [0x0000000600000000, 0x0000000800000000)
  region size 4096K, 2 young (8192K), 1 survivors (4096K)
 Metaspace       used 10745K, committed 10880K, reserved 1114112K
  class space    used 1058K, committed 1088K, reserved 1048576K

Heap Regions: E=young(eden), S=young(survivor), O=old, HS=humongous(starts), HC=humongous(continues), CS=collection set, F=free, OA=open archive, CA=closed archive, TAMS=top-at-mark-start (previous, next)
|   0|0x0000000600000000, 0x0000000600380a00, 0x0000000600400000| 87%| O|  |TAMS 0x0000000600000000, 0x0000000600000000| Untracked 
|   1|0x0000000600400000, 0x0000000600400000, 0x0000000600800000|  0%| F|  |TAMS 0x0000000600400000, 0x0000000600400000| Untracked 
|   2|0x0000000600800000, 0x0000000600800000, 0x0000000600c00000|  0%| F|  |TAMS 0x0000000600800000, 0x0000000600800000| Untracked 
|   3|0x0000000600c00000, 0x0000000600c00000, 0x0000000601000000|  0%| F|  |TAMS 0x0000000600c00000, 0x0000000600c00000| Untracked 
|   4|0x0000000601000000, 0x0000000601000000, 0x0000000601400000|  0%| F|  |TAMS 0x0000000601000000, 0x0000000601000000| Untracked 
|   5|0x0000000601400000, 0x0000000601400000, 0x0000000601800000|  0%| F|  |TAMS 0x0000000601400000, 0x0000000601400000| Untracked 
|   6|0x0000000601800000, 0x0000000601800000, 0x0000000601c00000|  0%| F|  |TAMS 0x0000000601800000, 0x0000000601800000| Untracked 
|   7|0x0000000601c00000, 0x0000000601c00000, 0x0000000602000000|  0%| F|  |TAMS 0x0000000601c00000, 0x0000000601c00000| Untracked 
|   8|0x0000000602000000, 0x0000000602000000, 0x0000000602400000|  0%| F|  |TAMS 0x0000000602000000, 0x0000000602000000| Untracked 
|   9|0x0000000602400000, 0x0000000602400000, 0x0000000602800000|  0%| F|  |TAMS 0x0000000602400000, 0x0000000602400000| Untracked 
|  10|0x0000000602800000, 0x0000000602800000, 0x0000000602c00000|  0%| F|  |TAMS 0x0000000602800000, 0x0000000602800000| Untracked 
|  11|0x0000000602c00000, 0x0000000602c00000, 0x0000000603000000|  0%| F|  |TAMS 0x0000000602c00000, 0x0000000602c00000| Untracked 
|  12|0x0000000603000000, 0x0000000603000000, 0x0000000603400000|  0%| F|  |TAMS 0x0000000603000000, 0x0000000603000000| Untracked 
|  13|0x0000000603400000, 0x0000000603400000, 0x0000000603800000|  0%| F|  |TAMS 0x0000000603400000, 0x0000000603400000| Untracked 
|  14|0x0000000603800000, 0x0000000603800000, 0x0000000603c00000|  0%| F|  |TAMS 0x0000000603800000, 0x0000000603800000| Untracked 
|  15|0x0000000603c00000, 0x0000000603c00000, 0x0000000604000000|  0%| F|  |TAMS 0x0000000603c00000, 0x0000000603c00000| Untracked 
|  16|0x0000000604000000, 0x0000000604000000, 0x0000000604400000|  0%| F|  |TAMS 0x0000000604000000, 0x0000000604000000| Untracked 
|  17|0x0000000604400000, 0x0000000604400000, 0x0000000604800000|  0%| F|  |TAMS 0x0000000604400000, 0x0000000604400000| Untracked 
|  18|0x0000000604800000, 0x0000000604800000, 0x0000000604c00000|  0%| F|  |TAMS 0x0000000604800000, 0x0000000604800000| Untracked 
|  19|0x0000000604c00000, 0x0000000604c00000, 0x0000000605000000|  0%| F|  |TAMS 0x0000000604c00000, 0x0000000604c00000| Untracked 
|  20|0x0000000605000000, 0x0000000605000000, 0x0000000605400000|  0%| F|  |TAMS 0x0000000605000000, 0x0000000605000000| Untracked 
|  21|0x0000000605400000, 0x0000000605400000, 0x0000000605800000|  0%| F|  |TAMS 0x0000000605400000, 0x0000000605400000| Untracked 
|  22|0x0000000605800000, 0x0000000605800000, 0x0000000605c00000|  0%| F|  |TAMS 0x0000000605800000, 0x0000000605800000| Untracked 
|  23|0x0000000605c00000, 0x0000000605c00000, 0x0000000606000000|  0%| F|  |TAMS 0x0000000605c00000, 0x0000000605c00000| Untracked 
|  24|0x0000000606000000, 0x0000000606000000, 0x0000000606400000|  0%| F|  |TAMS 0x0000000606000000, 0x0000000606000000| Untracked 
|  25|0x0000000606400000, 0x0000000606400000, 0x0000000606800000|  0%| F|  |TAMS 0x0000000606400000, 0x0000000606400000| Untracked 
|  26|0x0000000606800000, 0x0000000606800000, 0x0000000606c00000|  0%| F|  |TAMS 0x0000000606800000, 0x0000000606800000| Untracked 
|  27|0x0000000606c00000, 0x0000000606c00000, 0x0000000607000000|  0%| F|  |TAMS 0x0000000606c00000, 0x0000000606c00000| Untracked 
|  28|0x0000000607000000, 0x0000000607000000, 0x0000000607400000|  0%| F|  |TAMS 0x0000000607000000, 0x0000000607000000| Untracked 
|  29|0x0000000607400000, 0x0000000607400000, 0x0000000607800000|  0%| F|  |TAMS 0x0000000607400000, 0x0000000607400000| Untracked 
|  30|0x0000000607800000, 0x0000000607800000, 0x0000000607c00000|  0%| F|  |TAMS 0x0000000607800000, 0x0000000607800000| Untracked 
|  31|0x0000000607c00000, 0x0000000607c00000, 0x0000000608000000|  0%| F|  |TAMS 0x0000000607c00000, 0x0000000607c00000| Untracked 
|  32|0x0000000608000000, 0x0000000608000000, 0x0000000608400000|  0%| F|  |TAMS 0x0000000608000000, 0x0000000608000000| Untracked 
|  33|0x0000000608400000, 0x0000000608400000, 0x0000000608800000|  0%| F|  |TAMS 0x0000000608400000, 0x0000000608400000| Untracked 
|  34|0x0000000608800000, 0x0000000608800000, 0x0000000608c00000|  0%| F|  |TAMS 0x0000000608800000, 0x0000000608800000| Untracked 
|  35|0x0000000608c00000, 0x0000000608c00000, 0x0000000609000000|  0%| F|  |TAMS 0x0000000608c00000, 0x0000000608c00000| Untracked 
|  36|0x0000000609000000, 0x0000000609000000, 0x0000000609400000|  0%| F|  |TAMS 0x0000000609000000, 0x0000000609000000| Untracked 
|  37|0x0000000609400000, 0x0000000609400000, 0x0000000609800000|  0%| F|  |TAMS 0x0000000609400000, 0x0000000609400000| Untracked 
|  38|0x0000000609800000, 0x0000000609800000, 0x0000000609c00000|  0%| F|  |TAMS 0x0000000609800000, 0x0000000609800000| Untracked 
|  39|0x0000000609c00000, 0x0000000609c00000, 0x000000060a000000|  0%| F|  |TAMS 0x0000000609c00000, 0x0000000609c00000| Untracked 
|  40|0x000000060a000000, 0x000000060a000000, 0x000000060a400000|  0%| F|  |TAMS 0x000000060a000000, 0x000000060a000000| Untracked 
|  41|0x000000060a400000, 0x000000060a400000, 0x000000060a800000|  0%| F|  |TAMS 0x000000060a400000, 0x000000060a400000| Untracked 
|  42|0x000000060a800000, 0x000000060a800000, 0x000000060ac00000|  0%| F|  |TAMS 0x000000060a800000, 0x000000060a800000| Untracked 
|  43|0x000000060ac00000, 0x000000060ac00000, 0x000000060b000000|  0%| F|  |TAMS 0x000000060ac00000, 0x000000060ac00000| Untracked 
|  44|0x000000060b000000, 0x000000060b000000, 0x000000060b400000|  0%| F|  |TAMS 0x000000060b000000, 0x000000060b000000| Untracked 
|  45|0x000000060b400000, 0x000000060b400000, 0x000000060b800000|  0%| F|  |TAMS 0x000000060b400000, 0x000000060b400000| Untracked 
|  46|0x000000060b800000, 0x000000060b800000, 0x000000060bc00000|  0%| F|  |TAMS 0x000000060b800000, 0x000000060b800000| Untracked 
|  47|0x000000060bc00000, 0x000000060bc00000, 0x000000060c000000|  0%| F|  |TAMS 0x000000060bc00000, 0x000000060bc00000| Untracked 
|  48|0x000000060c000000, 0x000000060c000000, 0x000000060c400000|  0%| F|  |TAMS 0x000000060c000000, 0x000000060c000000| Untracked 
|  49|0x000000060c400000, 0x000000060c400000, 0x000000060c800000|  0%| F|  |TAMS 0x000000060c400000, 0x000000060c400000| Untracked 
|  50|0x000000060c800000, 0x000000060c800000, 0x000000060cc00000|  0%| F|  |TAMS 0x000000060c800000, 0x000000060c800000| Untracked 
|  51|0x000000060cc00000, 0x000000060cc00000, 0x000000060d000000|  0%| F|  |TAMS 0x000000060cc00000, 0x000000060cc00000| Untracked 
|  52|0x000000060d000000, 0x000000060d000000, 0x000000060d400000|  0%| F|  |TAMS 0x000000060d000000, 0x000000060d000000| Untracked 
|  53|0x000000060d400000, 0x000000060d400000, 0x000000060d800000|  0%| F|  |TAMS 0x000000060d400000, 0x000000060d400000| Untracked 
|  54|0x000000060d800000, 0x000000060d800000, 0x000000060dc00000|  0%| F|  |TAMS 0x000000060d800000, 0x000000060d800000| Untracked 
|  55|0x000000060dc00000, 0x000000060dc00000, 0x000000060e000000|  0%| F|  |TAMS 0x000000060dc00000, 0x000000060dc00000| Untracked 
|  56|0x000000060e000000, 0x000000060e000000, 0x000000060e400000|  0%| F|  |TAMS 0x000000060e000000, 0x000000060e000000| Untracked 
|  57|0x000000060e400000, 0x000000060e400000, 0x000000060e800000|  0%| F|  |TAMS 0x000000060e400000, 0x000000060e400000| Untracked 
|  58|0x000000060e800000, 0x000000060e800000, 0x000000060ec00000|  0%| F|  |TAMS 0x000000060e800000, 0x000000060e800000| Untracked 
|  59|0x000000060ec00000, 0x000000060ec00000, 0x000000060f000000|  0%| F|  |TAMS 0x000000060ec00000, 0x000000060ec00000| Untracked 
|  60|0x000000060f000000, 0x000000060f000000, 0x000000060f400000|  0%| F|  |TAMS 0x000000060f000000, 0x000000060f000000| Untracked 
|  61|0x000000060f400000, 0x000000060f400000, 0x000000060f800000|  0%| F|  |TAMS 0x000000060f400000, 0x000000060f400000| Untracked 
|  62|0x000000060f800000, 0x000000060f800000, 0x000000060fc00000|  0%| F|  |TAMS 0x000000060f800000, 0x000000060f800000| Untracked 
|  63|0x000000060fc00000, 0x000000060fc00000, 0x0000000610000000|  0%| F|  |TAMS 0x000000060fc00000, 0x000000060fc00000| Untracked 
|  64|0x0000000610000000, 0x0000000610000000, 0x0000000610400000|  0%| F|  |TAMS 0x0000000610000000, 0x0000000610000000| Untracked 
|  65|0x0000000610400000, 0x0000000610400000, 0x0000000610800000|  0%| F|  |TAMS 0x0000000610400000, 0x0000000610400000| Untracked 
|  66|0x0000000610800000, 0x0000000610800000, 0x0000000610c00000|  0%| F|  |TAMS 0x0000000610800000, 0x0000000610800000| Untracked 
|  67|0x0000000610c00000, 0x0000000610c00000, 0x0000000611000000|  0%| F|  |TAMS 0x0000000610c00000, 0x0000000610c00000| Untracked 
|  68|0x0000000611000000, 0x0000000611000000, 0x0000000611400000|  0%| F|  |TAMS 0x0000000611000000, 0x0000000611000000| Untracked 
|  69|0x0000000611400000, 0x0000000611400000, 0x0000000611800000|  0%| F|  |TAMS 0x0000000611400000, 0x0000000611400000| Untracked 
|  70|0x0000000611800000, 0x0000000611800000, 0x0000000611c00000|  0%| F|  |TAMS 0x0000000611800000, 0x0000000611800000| Untracked 
|  71|0x0000000611c00000, 0x0000000611c00000, 0x0000000612000000|  0%| F|  |TAMS 0x0000000611c00000, 0x0000000611c00000| Untracked 
|  72|0x0000000612000000, 0x0000000612000000, 0x0000000612400000|  0%| F|  |TAMS 0x0000000612000000, 0x0000000612000000| Untracked 
|  73|0x0000000612400000, 0x0000000612400000, 0x0000000612800000|  0%| F|  |TAMS 0x0000000612400000, 0x0000000612400000| Untracked 
|  74|0x0000000612800000, 0x0000000612800000, 0x0000000612c00000|  0%| F|  |TAMS 0x0000000612800000, 0x0000000612800000| Untracked 
|  75|0x0000000612c00000, 0x0000000612c00000, 0x0000000613000000|  0%| F|  |TAMS 0x0000000612c00000, 0x0000000612c00000| Untracked 
|  76|0x0000000613000000, 0x0000000613000000, 0x0000000613400000|  0%| F|  |TAMS 0x0000000613000000, 0x0000000613000000| Untracked 
|  77|0x0000000613400000, 0x0000000613400000, 0x0000000613800000|  0%| F|  |TAMS 0x0000000613400000, 0x0000000613400000| Untracked 
|  78|0x0000000613800000, 0x0000000613800000, 0x0000000613c00000|  0%| F|  |TAMS 0x0000000613800000, 0x0000000613800000| Untracked 
|  79|0x0000000613c00000, 0x0000000613c00000, 0x0000000614000000|  0%| F|  |TAMS 0x0000000613c00000, 0x0000000613c00000| Untracked 
|  80|0x0000000614000000, 0x0000000614000000, 0x0000000614400000|  0%| F|  |TAMS 0x0000000614000000, 0x0000000614000000| Untracked 
|  81|0x0000000614400000, 0x0000000614400000, 0x0000000614800000|  0%| F|  |TAMS 0x0000000614400000, 0x0000000614400000| Untracked 
|  82|0x0000000614800000, 0x0000000614800000, 0x0000000614c00000|  0%| F|  |TAMS 0x0000000614800000, 0x0000000614800000| Untracked 
|  83|0x0000000614c00000, 0x0000000614c00000, 0x0000000615000000|  0%| F|  |TAMS 0x0000000614c00000, 0x0000000614c00000| Untracked 
|  84|0x0000000615000000, 0x0000000615000000, 0x0000000615400000|  0%| F|  |TAMS 0x0000000615000000, 0x0000000615000000| Untracked 
|  85|0x0000000615400000, 0x0000000615400000, 0x0000000615800000|  0%| F|  |TAMS 0x0000000615400000, 0x0000000615400000| Untracked 
|  86|0x0000000615800000, 0x0000000615800000, 0x0000000615c00000|  0%| F|  |TAMS 0x0000000615800000, 0x0000000615800000| Untracked 
|  87|0x0000000615c00000, 0x0000000615c00000, 0x0000000616000000|  0%| F|  |TAMS 0x0000000615c00000, 0x0000000615c00000| Untracked 
|  88|0x0000000616000000, 0x0000000616000000, 0x0000000616400000|  0%| F|  |TAMS 0x0000000616000000, 0x0000000616000000| Untracked 
|  89|0x0000000616400000, 0x0000000616400000, 0x0000000616800000|  0%| F|  |TAMS 0x0000000616400000, 0x0000000616400000| Untracked 
|  90|0x0000000616800000, 0x0000000616800000, 0x0000000616c00000|  0%| F|  |TAMS 0x0000000616800000, 0x0000000616800000| Untracked 
|  91|0x0000000616c00000, 0x0000000616c00000, 0x0000000617000000|  0%| F|  |TAMS 0x0000000616c00000, 0x0000000616c00000| Untracked 
|  92|0x0000000617000000, 0x0000000617000000, 0x0000000617400000|  0%| F|  |TAMS 0x0000000617000000, 0x0000000617000000| Untracked 
|  93|0x0000000617400000, 0x0000000617400000, 0x0000000617800000|  0%| F|  |TAMS 0x0000000617400000, 0x0000000617400000| Untracked 
|  94|0x0000000617800000, 0x0000000617800000, 0x0000000617c00000|  0%| F|  |TAMS 0x0000000617800000, 0x0000000617800000| Untracked 
|  95|0x0000000617c00000, 0x0000000617c00000, 0x0000000618000000|  0%| F|  |TAMS 0x0000000617c00000, 0x0000000617c00000| Untracked 
|  96|0x0000000618000000, 0x0000000618000000, 0x0000000618400000|  0%| F|  |TAMS 0x0000000618000000, 0x0000000618000000| Untracked 
|  97|0x0000000618400000, 0x0000000618400000, 0x0000000618800000|  0%| F|  |TAMS 0x0000000618400000, 0x0000000618400000| Untracked 
|  98|0x0000000618800000, 0x0000000618800000, 0x0000000618c00000|  0%| F|  |TAMS 0x0000000618800000, 0x0000000618800000| Untracked 
|  99|0x0000000618c00000, 0x0000000618c00000, 0x0000000619000000|  0%| F|  |TAMS 0x0000000618c00000, 0x0000000618c00000| Untracked 
| 100|0x0000000619000000, 0x0000000619000000, 0x0000000619400000|  0%| F|  |TAMS 0x0000000619000000, 0x0000000619000000| Untracked 
| 101|0x0000000619400000, 0x0000000619400000, 0x0000000619800000|  0%| F|  |TAMS 0x0000000619400000, 0x0000000619400000| Untracked 
| 102|0x0000000619800000, 0x0000000619800000, 0x0000000619c00000|  0%| F|  |TAMS 0x0000000619800000, 0x0000000619800000| Untracked 
| 103|0x0000000619c00000, 0x0000000619c00000, 0x000000061a000000|  0%| F|  |TAMS 0x0000000619c00000, 0x0000000619c00000| Untracked 
| 104|0x000000061a000000, 0x000000061a000000, 0x000000061a400000|  0%| F|  |TAMS 0x000000061a000000, 0x000000061a000000| Untracked 
| 105|0x000000061a400000, 0x000000061a400000, 0x000000061a800000|  0%| F|  |TAMS 0x000000061a400000, 0x000000061a400000| Untracked 
| 106|0x000000061a800000, 0x000000061a800000, 0x000000061ac00000|  0%| F|  |TAMS 0x000000061a800000, 0x000000061a800000| Untracked 
| 107|0x000000061ac00000, 0x000000061ac00000, 0x000000061b000000|  0%| F|  |TAMS 0x000000061ac00000, 0x000000061ac00000| Untracked 
| 108|0x000000061b000000, 0x000000061b000000, 0x000000061b400000|  0%| F|  |TAMS 0x000000061b000000, 0x000000061b000000| Untracked 
| 109|0x000000061b400000, 0x000000061b400000, 0x000000061b800000|  0%| F|  |TAMS 0x000000061b400000, 0x000000061b400000| Untracked 
| 110|0x000000061b800000, 0x000000061b800000, 0x000000061bc00000|  0%| F|  |TAMS 0x000000061b800000, 0x000000061b800000| Untracked 
| 111|0x000000061bc00000, 0x000000061bc00000, 0x000000061c000000|  0%| F|  |TAMS 0x000000061bc00000, 0x000000061bc00000| Untracked 
| 112|0x000000061c000000, 0x000000061c000000, 0x000000061c400000|  0%| F|  |TAMS 0x000000061c000000, 0x000000061c000000| Untracked 
| 113|0x000000061c400000, 0x000000061c400000, 0x000000061c800000|  0%| F|  |TAMS 0x000000061c400000, 0x000000061c400000| Untracked 
| 114|0x000000061c800000, 0x000000061c800000, 0x000000061cc00000|  0%| F|  |TAMS 0x000000061c800000, 0x000000061c800000| Untracked 
| 115|0x000000061cc00000, 0x000000061cc00000, 0x000000061d000000|  0%| F|  |TAMS 0x000000061cc00000, 0x000000061cc00000| Untracked 
| 116|0x000000061d000000, 0x000000061d000000, 0x000000061d400000|  0%| F|  |TAMS 0x000000061d000000, 0x000000061d000000| Untracked 
| 117|0x000000061d400000, 0x000000061d400000, 0x000000061d800000|  0%| F|  |TAMS 0x000000061d400000, 0x000000061d400000| Untracked 
| 118|0x000000061d800000, 0x000000061d800000, 0x000000061dc00000|  0%| F|  |TAMS 0x000000061d800000, 0x000000061d800000| Untracked 
| 119|0x000000061dc00000, 0x000000061dc00000, 0x000000061e000000|  0%| F|  |TAMS 0x000000061dc00000, 0x000000061dc00000| Untracked 
| 120|0x000000061e000000, 0x000000061e000000, 0x000000061e400000|  0%| F|  |TAMS 0x000000061e000000, 0x000000061e000000| Untracked 
| 121|0x000000061e400000, 0x000000061e800000, 0x000000061e800000|100%| S|CS|TAMS 0x000000061e400000, 0x000000061e400000| Complete 
| 122|0x000000061e800000, 0x000000061e800000, 0x000000061ec00000|  0%| F|  |TAMS 0x000000061e800000, 0x000000061e800000| Untracked 
| 123|0x000000061ec00000, 0x000000061ec00000, 0x000000061f000000|  0%| F|  |TAMS 0x000000061ec00000, 0x000000061ec00000| Untracked 
| 124|0x000000061f000000, 0x000000061f000000, 0x000000061f400000|  0%| F|  |TAMS 0x000000061f000000, 0x000000061f000000| Untracked 
| 125|0x000000061f400000, 0x000000061f400000, 0x000000061f800000|  0%| F|  |TAMS 0x000000061f400000, 0x000000061f400000| Untracked 
| 126|0x000000061f800000, 0x000000061f800000, 0x000000061fc00000|  0%| F|  |TAMS 0x000000061f800000, 0x000000061f800000| Untracked 
| 127|0x000000061fc00000, 0x000000061feae430, 0x0000000620000000| 67%| E|  |TAMS 0x000000061fc00000, 0x000000061fc00000| Complete 

Card table byte_map: [0x0000000115ab8000,0x0000000116ab8000] _byte_map_base: 0x0000000112ab8000

Marking Bits (Prev, Next): (CMBitMap*) 0x000000015303e610, (CMBitMap*) 0x000000015303e650
 Prev Bits: [0x0000000117ab8000, 0x000000011fab8000)
 Next Bits: [0x000000011fab8000, 0x0000000127ab8000)

Polling page: 0x0000000102a68000

Metaspace:

Usage:
  Non-class:      9.54 MB used.
      Class:      1.05 MB used.
       Both:     10.59 MB used.

Virtual space:
  Non-class space:       64.00 MB reserved,       9.62 MB ( 15%) committed,  1 nodes.
      Class space:        1.00 GB reserved,       1.06 MB ( <1%) committed,  1 nodes.
             Both:        1.06 GB reserved,      10.69 MB ( <1%) committed. 

Chunk freelists:
   Non-Class:  6.22 MB
       Class:  14.75 MB
        Both:  20.97 MB

MaxMetaspaceSize: unlimited
CompressedClassSpaceSize: 1.00 GB
Initial GC threshold: 21.00 MB
Current GC threshold: 21.00 MB
CDS: off
MetaspaceReclaimPolicy: balanced
 - commit_granule_bytes: 65536.
 - commit_granule_words: 8192.
 - virtual_space_node_default_size: 8388608.
 - enlarge_chunks_in_place: 1.
 - new_chunks_are_fully_committed: 0.
 - uncommit_free_chunks: 1.
 - use_allocation_guard: 0.
 - handle_deallocations: 1.


Internal statistics:

num_allocs_failed_limit: 0.
num_arena_births: 64.
num_arena_deaths: 0.
num_vsnodes_births: 2.
num_vsnodes_deaths: 0.
num_space_committed: 171.
num_space_uncommitted: 0.
num_chunks_returned_to_freelist: 0.
num_chunks_taken_from_freelist: 110.
num_chunk_merges: 0.
num_chunk_splits: 50.
num_chunks_enlarged: 17.
num_inconsistent_stats: 0.

CodeCache: size=49152Kb used=4444Kb max_used=4444Kb free=44707Kb
 bounds [0x0000000111ab8000, 0x0000000111f18000, 0x0000000114ab8000]
 total_blobs=1596 nmethods=1167 adapters=358
 compilation: enabled
              stopped_count=0, restarted_count=0
 full_count=0

Compilation events (20 events):
Event: 0.970 Thread 0x0000000153124800 1152 %     1       java.util.Properties$LineReader::readLine @ 224 (584 bytes)
Event: 0.970 Thread 0x0000000153124800 nmethod 1152% 0x0000000111f04f10 code [0x0000000111f051c0, 0x0000000111f06218]
Event: 0.970 Thread 0x0000000153107000 1153       1       jdk.internal.jimage.ImageLocation::readValue (61 bytes)
Event: 0.971 Thread 0x0000000153107000 nmethod 1153 0x0000000111f07c90 code [0x0000000111f07e40, 0x0000000111f08018]
Event: 0.971 Thread 0x0000000153107000 1155       1       jdk.internal.jimage.ImageHeader::getTableLength (5 bytes)
Event: 0.971 Thread 0x0000000153107000 nmethod 1155 0x0000000111f08210 code [0x0000000111f08380, 0x0000000111f08418]
Event: 0.971 Thread 0x0000000153124800 1156       1       java.net.URL::getAuthority (5 bytes)
Event: 0.971 Thread 0x0000000153107000 1157       1       java.net.URL::getPath (5 bytes)
Event: 0.971 Thread 0x0000000153106a00 1158       1       java.net.URL::getQuery (5 bytes)
Event: 0.971 Thread 0x0000000153124800 nmethod 1156 0x0000000111f08510 code [0x0000000111f08680, 0x0000000111f08718]
Event: 0.971 Thread 0x0000000153107000 nmethod 1157 0x0000000111f08810 code [0x0000000111f08980, 0x0000000111f08a18]
Event: 0.971 Thread 0x0000000153106a00 nmethod 1158 0x0000000111f08b10 code [0x0000000111f08c80, 0x0000000111f08d18]
Event: 0.971 Thread 0x0000000153124800 1162   !   1       java.lang.invoke.MemberName$Factory::resolve (159 bytes)
Event: 0.971 Thread 0x0000000153107000 1164       1       java.lang.invoke.LambdaForm$Name::initIndex (26 bytes)
Event: 0.972 Thread 0x0000000153107000 nmethod 1164 0x0000000111f09b90 code [0x0000000111f09d40, 0x0000000111f09e58]
Event: 0.972 Thread 0x0000000153124800 nmethod 1162 0x0000000111f09f90 code [0x0000000111f0a180, 0x0000000111f0a4f8]
Event: 0.972 Thread 0x0000000153107000 1165       1       java.lang.invoke.MemberName::checkForTypeAlias (172 bytes)
Event: 0.972 Thread 0x0000000153107000 nmethod 1165 0x0000000111f0a990 code [0x0000000111f0acc0, 0x0000000111f0b818]
Event: 0.973 Thread 0x0000000153124800 1166       1       java.lang.Boolean::parseBoolean (7 bytes)
Event: 0.973 Thread 0x0000000153124800 nmethod 1166 0x0000000111f0d710 code [0x0000000111f0d8c0, 0x0000000111f0d978]

GC Heap History (2 events):
Event: 0.960 GC heap before
{Heap before GC invocations=0 (full 0):
 garbage-first heap   total 524288K, used 24576K [0x0000000600000000, 0x0000000800000000)
  region size 4096K, 6 young (24576K), 0 survivors (0K)
 Metaspace       used 9878K, committed 10048K, reserved 1114112K
  class space    used 957K, committed 1024K, reserved 1048576K
}
Event: 0.962 GC heap after
{Heap after GC invocations=1 (full 0):
 garbage-first heap   total 524288K, used 7682K [0x0000000600000000, 0x0000000800000000)
  region size 4096K, 1 young (4096K), 1 survivors (4096K)
 Metaspace       used 9878K, committed 10048K, reserved 1114112K
  class space    used 957K, committed 1024K, reserved 1048576K
}

Dll operation events (8 events):
Event: 0.789 Loaded shared library /Library/Java/JavaVirtualMachines/temurin-17.jdk/Contents/Home/lib/libjava.dylib
Event: 0.828 Loaded shared library /Library/Java/JavaVirtualMachines/temurin-17.jdk/Contents/Home/lib/libzip.dylib
Event: 0.829 Loaded shared library /Library/Java/JavaVirtualMachines/temurin-17.jdk/Contents/Home/lib/libinstrument.dylib
Event: 0.831 Loaded shared library /Library/Java/JavaVirtualMachines/temurin-17.jdk/Contents/Home/lib/libnio.dylib
Event: 0.834 Loaded shared library /Library/Java/JavaVirtualMachines/temurin-17.jdk/Contents/Home/lib/libzip.dylib
Event: 0.858 Loaded shared library /Library/Java/JavaVirtualMachines/temurin-17.jdk/Contents/Home/lib/libnet.dylib
Event: 0.862 Loaded shared library /Library/Java/JavaVirtualMachines/temurin-17.jdk/Contents/Home/lib/libextnet.dylib
Event: 0.877 Loaded shared library /Library/Java/JavaVirtualMachines/temurin-17.jdk/Contents/Home/lib/libjimage.dylib

Deoptimization events (6 events):
Event: 0.915 Thread 0x0000000153009a00 DEOPT PACKING pc=0x0000000111e1cb98 sp=0x000000016d638970
Event: 0.915 Thread 0x0000000153009a00 DEOPT UNPACKING pc=0x0000000111aff77c sp=0x000000016d638660 mode 3
Event: 0.921 Thread 0x0000000153009a00 DEOPT PACKING pc=0x0000000111ddd48c sp=0x000000016d639a10
Event: 0.921 Thread 0x0000000153009a00 DEOPT UNPACKING pc=0x0000000111aff77c sp=0x000000016d639780 mode 3
Event: 0.940 Thread 0x0000000153009a00 DEOPT PACKING pc=0x0000000111e9d874 sp=0x000000016d638630
Event: 0.940 Thread 0x0000000153009a00 DEOPT UNPACKING pc=0x0000000111aff77c sp=0x000000016d6382f0 mode 3

Classes unloaded (0 events):
No events

Classes redefined (9 events):
Event: 0.952 Thread 0x0000000161d45ca0 redefined class name=java.io.FileInputStream, count=1
Event: 0.952 Thread 0x0000000161d45ca0 redefined class name=java.io.FileOutputStream, count=1
Event: 0.952 Thread 0x0000000161d45ca0 redefined class name=java.io.RandomAccessFile, count=1
Event: 0.952 Thread 0x0000000161d45ca0 redefined class name=sun.nio.ch.FileChannelImpl, count=1
Event: 0.952 Thread 0x0000000161d45ca0 redefined class name=java.net.Socket$SocketInputStream, count=1
Event: 0.952 Thread 0x0000000161d45ca0 redefined class name=java.net.Socket$SocketOutputStream, count=1
Event: 0.952 Thread 0x0000000161d45ca0 redefined class name=sun.nio.ch.SocketChannelImpl, count=1
Event: 0.952 Thread 0x0000000161d45ca0 redefined class name=java.lang.Throwable, count=1
Event: 0.952 Thread 0x0000000161d45ca0 redefined class name=java.lang.Error, count=2

Internal exceptions (20 events):
Event: 0.918 Thread 0x0000000153009a00 Exception <a 'java/lang/ClassNotFoundException'{0x000000061f2da778}: jdk/jfr/internal/handlers/EventHandler1444_1700637730998-10422> (0x000000061f2da778) 
thrown [src/hotspot/share/classfile/systemDictionary.cpp, line 256]
Event: 0.919 Thread 0x0000000153009a00 Exception <a 'java/lang/ClassNotFoundException'{0x000000061f2e5210}: jdk/jfr/internal/handlers/EventHandler1446_1700637730998-10422> (0x000000061f2e5210) 
thrown [src/hotspot/share/classfile/systemDictionary.cpp, line 256]
Event: 0.919 Thread 0x0000000153009a00 Exception <a 'java/lang/ClassNotFoundException'{0x000000061f2f15d0}: jdk/jfr/internal/handlers/EventHandler1448_1700637730998-10422> (0x000000061f2f15d0) 
thrown [src/hotspot/share/classfile/systemDictionary.cpp, line 256]
Event: 0.920 Thread 0x0000000153009a00 Exception <a 'java/lang/ClassNotFoundException'{0x000000061f313e60}: jdk/jfr/internal/handlers/EventHandler1450_1700637730998-10422> (0x000000061f313e60) 
thrown [src/hotspot/share/classfile/systemDictionary.cpp, line 256]
Event: 0.921 Thread 0x0000000153009a00 Exception <a 'java/lang/ClassNotFoundException'{0x000000061f326368}: jdk/jfr/internal/handlers/EventHandler1452_1700637730998-10422> (0x000000061f326368) 
thrown [src/hotspot/share/classfile/systemDictionary.cpp, line 256]
Event: 0.921 Thread 0x0000000153009a00 Exception <a 'java/lang/ClassNotFoundException'{0x000000061f336360}: jdk/jfr/internal/handlers/EventHandler1454_1700637730998-10422> (0x000000061f336360) 
thrown [src/hotspot/share/classfile/systemDictionary.cpp, line 256]
Event: 0.921 Thread 0x0000000153009a00 Exception <a 'java/lang/ClassNotFoundException'{0x000000061f3432b0}: jdk/jfr/internal/handlers/EventHandler1456_1700637730998-10422> (0x000000061f3432b0) 
thrown [src/hotspot/share/classfile/systemDictionary.cpp, line 256]
Event: 0.922 Thread 0x0000000153009a00 Exception <a 'java/lang/ClassNotFoundException'{0x000000061f36a650}: jdk/jfr/internal/handlers/EventHandler1458_1700637730998-10422> (0x000000061f36a650) 
thrown [src/hotspot/share/classfile/systemDictionary.cpp, line 256]
Event: 0.923 Thread 0x0000000153009a00 Exception <a 'java/lang/ClassNotFoundException'{0x000000061f37ed60}: jdk/jfr/internal/handlers/EventHandler1460_1700637730998-10422> (0x000000061f37ed60) 
thrown [src/hotspot/share/classfile/systemDictionary.cpp, line 256]
Event: 0.924 Thread 0x0000000153009a00 Exception <a 'java/lang/ClassNotFoundException'{0x000000061f397568}: jdk/jfr/internal/handlers/EventHandler1462_1700637730998-10422> (0x000000061f397568) 
thrown [src/hotspot/share/classfile/systemDictionary.cpp, line 256]
Event: 0.924 Thread 0x0000000153009a00 Exception <a 'java/lang/ClassNotFoundException'{0x000000061f3a77d0}: jdk/jfr/internal/handlers/EventHandler1465_1700637730998-10422> (0x000000061f3a77d0) 
thrown [src/hotspot/share/classfile/systemDictionary.cpp, line 256]
Event: 0.925 Thread 0x0000000153009a00 Exception <a 'java/lang/ClassNotFoundException'{0x000000061f3b3130}: jdk/jfr/internal/handlers/EventHandler1467_1700637730998-10422> (0x000000061f3b3130) 
thrown [src/hotspot/share/classfile/systemDictionary.cpp, line 256]
Event: 0.925 Thread 0x0000000153009a00 Exception <a 'java/lang/ClassNotFoundException'{0x000000061f3c9c18}: jdk/jfr/internal/handlers/EventHandler1734_1700637730998-10422> (0x000000061f3c9c18) 
thrown [src/hotspot/share/classfile/systemDictionary.cpp, line 256]
Event: 0.926 Thread 0x0000000153009a00 Exception <a 'java/lang/ClassNotFoundException'{0x000000061f3d9738}: jdk/jfr/internal/handlers/EventHandler1737_1700637730998-10422> (0x000000061f3d9738) 
thrown [src/hotspot/share/classfile/systemDictionary.cpp, line 256]
Event: 0.926 Thread 0x0000000153009a00 Exception <a 'java/lang/ClassNotFoundException'{0x000000061f3e70a0}: jdk/jfr/internal/handlers/EventHandler1740_1700637730998-10422> (0x000000061f3e70a0) 
thrown [src/hotspot/share/classfile/systemDictionary.cpp, line 256]
Event: 0.926 Thread 0x0000000153009a00 Exception <a 'java/lang/ClassNotFoundException'{0x000000061f3f5120}: jdk/jfr/internal/handlers/EventHandler1743_1700637730998-10422> (0x000000061f3f5120) 
thrown [src/hotspot/share/classfile/systemDictionary.cpp, line 256]
Event: 0.926 Thread 0x0000000153009a00 Exception <a 'java/lang/ClassNotFoundException'{0x000000061ec01868}: jdk/jfr/internal/handlers/EventHandler1746_1700637730998-10422> (0x000000061ec01868) 
thrown [src/hotspot/share/classfile/systemDictionary.cpp, line 256]
Event: 0.954 Thread 0x0000000153009a00 Exception <a 'java/lang/NoSuchMethodError'{0x000000061e9f61b8}: 'void java.lang.invoke.DirectMethodHandle$Holder.invokeStatic(java.lang.Object, java.lang.Object, int)'> (0x000000061e9f61b8) 
thrown [src/hotspot/share/interpreter/linkResolver.cpp, line 759]
Event: 0.954 Thread 0x0000000153009a00 Exception <a 'java/lang/NoSuchMethodError'{0x000000061e9fc308}: 'java.lang.Object java.lang.invoke.DirectMethodHandle$Holder.newInvokeSpecial(java.lang.Object, java.lang.Object, int)'> (0x000000061e9fc308) 
thrown [src/hotspot/share/interpreter/linkResolver.cpp, line 759]
Event: 0.958 Thread 0x0000000153009a00 Exception <a 'java/lang/NoSuchMethodError'{0x000000061ea3b2f8}: 'void java.lang.invoke.DirectMethodHandle$Holder.invokeSpecial(java.lang.Object, java.lang.Object, java.lang.Object)'> (0x000000061ea3b2f8) 
thrown [src/hotspot/share/interpreter/linkResolver.cpp, line 759]

VM Operations (18 events):
Event: 0.824 Executing VM operation: HandshakeAllThreads
Event: 0.824 Executing VM operation: HandshakeAllThreads done
Event: 0.858 Executing VM operation: HandshakeAllThreads
Event: 0.858 Executing VM operation: HandshakeAllThreads done
Event: 0.865 Executing VM operation: HandshakeAllThreads
Event: 0.865 Executing VM operation: HandshakeAllThreads done
Event: 0.916 Executing VM operation: ICBufferFull
Event: 0.916 Executing VM operation: ICBufferFull done
Event: 0.944 Executing VM operation: ICBufferFull
Event: 0.944 Executing VM operation: ICBufferFull done
Event: 0.952 Executing VM operation: RedefineClasses
Event: 0.953 Executing VM operation: RedefineClasses done
Event: 0.957 Executing VM operation: HandshakeAllThreads
Event: 0.957 Executing VM operation: HandshakeAllThreads done
Event: 0.960 Executing VM operation: G1CollectForAllocation
Event: 0.962 Executing VM operation: G1CollectForAllocation done
Event: 0.966 Executing VM operation: JFRCheckpoint
Event: 0.966 Executing VM operation: JFRCheckpoint done

Events (20 events):
Event: 0.973 loading class sun/net/InetAddressCachePolicy
Event: 0.973 loading class sun/net/InetAddressCachePolicy done
Event: 0.973 loading class sun/net/InetAddressCachePolicy$1
Event: 0.973 loading class sun/net/InetAddressCachePolicy$1 done
Event: 0.973 loading class sun/net/InetAddressCachePolicy$2
Event: 0.973 loading class sun/net/InetAddressCachePolicy$2 done
Event: 0.973 loading class java/net/InetAddress$CachedAddresses
Event: 0.973 loading class java/net/InetAddress$CachedAddresses done
Event: 0.973 loading class java/util/concurrent/ThreadLocalRandom
Event: 0.973 loading class java/util/Random
Event: 0.973 loading class java/util/random/RandomGenerator
Event: 0.973 loading class java/util/random/RandomGenerator done
Event: 0.973 loading class java/util/Random done
Event: 0.973 loading class java/util/concurrent/ThreadLocalRandom done
Event: 0.973 loading class jdk/internal/util/random/RandomSupport
Event: 0.973 loading class jdk/internal/util/random/RandomSupport done
Event: 0.973 loading class java/lang/invoke/VarHandleLongs$FieldInstanceReadWrite
Event: 0.973 loading class java/lang/invoke/VarHandleLongs$FieldInstanceReadOnly
Event: 0.974 loading class java/lang/invoke/VarHandleLongs$FieldInstanceReadOnly done
Event: 0.974 loading class java/lang/invoke/VarHandleLongs$FieldInstanceReadWrite done


Dynamic libraries:
0x0000000102ed0000 	/Library/Java/JavaVirtualMachines/temurin-17.jdk/Contents/Home/lib/libjli.dylib
0x00000001912e9000 	/usr/lib/libz.1.dylib
0x00000001913a5000 	/usr/lib/libSystem.B.dylib
0x000000019139f000 	/usr/lib/system/libcache.dylib
0x000000019135b000 	/usr/lib/system/libcommonCrypto.dylib
0x0000000191386000 	/usr/lib/system/libcompiler_rt.dylib
0x000000019137c000 	/usr/lib/system/libcopyfile.dylib
0x00000001848cb000 	/usr/lib/system/libcorecrypto.dylib
0x00000001849a0000 	/usr/lib/system/libdispatch.dylib
0x0000000184b57000 	/usr/lib/system/libdyld.dylib
0x0000000191395000 	/usr/lib/system/libkeymgr.dylib
0x0000000191333000 	/usr/lib/system/libmacho.dylib
0x00000001908d0000 	/usr/lib/system/libquarantine.dylib
0x0000000191392000 	/usr/lib/system/libremovefile.dylib
0x000000018a218000 	/usr/lib/system/libsystem_asl.dylib
0x0000000184864000 	/usr/lib/system/libsystem_blocks.dylib
0x00000001849ea000 	/usr/lib/system/libsystem_c.dylib
0x000000019138a000 	/usr/lib/system/libsystem_collections.dylib
0x000000018fbad000 	/usr/lib/system/libsystem_configuration.dylib
0x000000018ec33000 	/usr/lib/system/libsystem_containermanager.dylib
0x0000000190fd6000 	/usr/lib/system/libsystem_coreservices.dylib
0x0000000187ef3000 	/usr/lib/system/libsystem_darwin.dylib
0x0000000224032000 	/usr/lib/system/libsystem_darwindirectory.dylib
0x0000000191396000 	/usr/lib/system/libsystem_dnssd.dylib
0x00000001849e7000 	/usr/lib/system/libsystem_featureflags.dylib
0x0000000184b83000 	/usr/lib/system/libsystem_info.dylib
0x00000001912f8000 	/usr/lib/system/libsystem_m.dylib
0x0000000184969000 	/usr/lib/system/libsystem_malloc.dylib
0x000000018a188000 	/usr/lib/system/libsystem_networkextension.dylib
0x0000000188365000 	/usr/lib/system/libsystem_notify.dylib
0x000000018fbb2000 	/usr/lib/system/libsystem_sandbox.dylib
0x000000019138f000 	/usr/lib/system/libsystem_secinit.dylib
0x0000000184b0f000 	/usr/lib/system/libsystem_kernel.dylib
0x0000000184b7c000 	/usr/lib/system/libsystem_platform.dylib
0x0000000184b4a000 	/usr/lib/system/libsystem_pthread.dylib
0x000000018bbcf000 	/usr/lib/system/libsystem_symptoms.dylib
0x00000001848b0000 	/usr/lib/system/libsystem_trace.dylib
0x0000000191369000 	/usr/lib/system/libunwind.dylib
0x0000000184869000 	/usr/lib/system/libxpc.dylib
0x0000000184af7000 	/usr/lib/libc++abi.dylib
0x0000000184780000 	/usr/lib/libobjc.A.dylib
0x0000000191374000 	/usr/lib/liboah.dylib
0x0000000184a69000 	/usr/lib/libc++.1.dylib
0x000000019e77e000 	/System/Library/Frameworks/Cocoa.framework/Versions/A/Cocoa
0x00000001883cd000 	/System/Library/Frameworks/AppKit.framework/Versions/C/AppKit
0x000000018b3f7000 	/System/Library/Frameworks/CoreData.framework/Versions/A/CoreData
0x0000000185cda000 	/System/Library/Frameworks/Foundation.framework/Versions/C/Foundation
0x00000001896e2000 	/System/Library/PrivateFrameworks/UIFoundation.framework/Versions/A/UIFoundation
0x00000001f94eb000 	/System/Library/PrivateFrameworks/CollectionViewCore.framework/Versions/A/CollectionViewCore
0x00000001984da000 	/System/Library/PrivateFrameworks/RemoteViewServices.framework/Versions/A/RemoteViewServices
0x000000018f450000 	/System/Library/PrivateFrameworks/XCTTargetBootstrap.framework/Versions/A/XCTTargetBootstrap
0x000000019398d000 	/System/Library/PrivateFrameworks/InternationalSupport.framework/Versions/A/InternationalSupport
0x0000000193a14000 	/System/Library/PrivateFrameworks/UserActivity.framework/Versions/A/UserActivity
0x000000021b97f000 	/System/Library/PrivateFrameworks/WindowManagement.framework/Versions/A/WindowManagement
0x0000000185964000 	/System/Library/Frameworks/SystemConfiguration.framework/Versions/A/SystemConfiguration
0x0000000192e30000 	/usr/lib/libspindump.dylib
0x0000000189896000 	/System/Library/Frameworks/UniformTypeIdentifiers.framework/Versions/A/UniformTypeIdentifiers
0x000000018d3ae000 	/usr/lib/libapp_launch_measurement.dylib
0x000000018c7bd000 	/System/Library/PrivateFrameworks/CoreAnalytics.framework/Versions/A/CoreAnalytics
0x000000018d3b5000 	/System/Library/PrivateFrameworks/CoreAutoLayout.framework/Versions/A/CoreAutoLayout
0x000000018ec7f000 	/System/Library/Frameworks/Metal.framework/Versions/A/Metal
0x000000018fbbe000 	/usr/lib/liblangid.dylib
0x000000018f456000 	/System/Library/PrivateFrameworks/CoreSVG.framework/Versions/A/CoreSVG
0x000000018a251000 	/System/Library/PrivateFrameworks/SkyLight.framework/Versions/A/SkyLight
0x000000018a6e3000 	/System/Library/Frameworks/CoreGraphics.framework/Versions/A/CoreGraphics
0x0000000198c22000 	/System/Library/Frameworks/Accelerate.framework/Versions/A/Accelerate
0x0000000192c8e000 	/System/Library/PrivateFrameworks/IconServices.framework/Versions/A/IconServices
0x000000018ec5d000 	/System/Library/Frameworks/IOSurface.framework/Versions/A/IOSurface
0x000000018c7ec000 	/usr/lib/libDiagnosticMessagesClient.dylib
0x000000019c2f8000 	/System/Library/Frameworks/ApplicationServices.framework/Versions/A/ApplicationServices
0x000000018f438000 	/System/Library/PrivateFrameworks/DFRFoundation.framework/Versions/A/DFRFoundation
0x0000000187c3a000 	/usr/lib/libicucore.A.dylib
0x00000001949ee000 	/System/Library/Frameworks/AudioToolbox.framework/Versions/A/AudioToolbox
0x0000000193999000 	/System/Library/PrivateFrameworks/DataDetectorsCore.framework/Versions/A/DataDetectorsCore
0x00000001ac8fb000 	/System/Library/PrivateFrameworks/TextInput.framework/Versions/A/TextInput
0x000000018a1a4000 	/usr/lib/libMobileGestalt.dylib
0x000000018f178000 	/System/Library/Frameworks/Carbon.framework/Versions/A/Frameworks/HIToolbox.framework/Versions/A/HIToolbox
0x000000018ccbe000 	/System/Library/Frameworks/QuartzCore.framework/Versions/A/QuartzCore
0x0000000187878000 	/System/Library/Frameworks/Security.framework/Versions/A/Security
0x000000019851a000 	/System/Library/Frameworks/Carbon.framework/Versions/A/Frameworks/SpeechRecognition.framework/Versions/A/SpeechRecognition
0x000000018d0dc000 	/System/Library/PrivateFrameworks/CoreUI.framework/Versions/A/CoreUI
0x000000018718a000 	/System/Library/Frameworks/CoreAudio.framework/Versions/A/CoreAudio
0x000000018c8d0000 	/System/Library/Frameworks/DiskArbitration.framework/Versions/A/DiskArbitration
0x0000000193286000 	/System/Library/PrivateFrameworks/MultitouchSupport.framework/Versions/A/MultitouchSupport
0x000000018a1a2000 	/usr/lib/libenergytrace.dylib
0x00000001a274d000 	/System/Library/PrivateFrameworks/RenderBox.framework/Versions/A/RenderBox
0x0000000188284000 	/System/Library/Frameworks/IOKit.framework/Versions/A/IOKit
0x000000019891e000 	/System/Library/Frameworks/CoreServices.framework/Versions/A/CoreServices
0x000000018d33a000 	/System/Library/PrivateFrameworks/PerformanceAnalysis.framework/Versions/A/PerformanceAnalysis
0x00000001eca62000 	/System/Library/Frameworks/OpenGL.framework/Versions/A/OpenGL
0x000000018d3ff000 	/usr/lib/libxml2.2.dylib
0x00000001907eb000 	/System/Library/PrivateFrameworks/MobileKeyBag.framework/Versions/A/MobileKeyBag
0x000000019889b000 	/System/Library/Frameworks/Accessibility.framework/Versions/A/Accessibility
0x000000018adc0000 	/System/Library/Frameworks/ColorSync.framework/Versions/A/ColorSync
0x0000000184bb0000 	/System/Library/Frameworks/CoreFoundation.framework/Versions/A/CoreFoundation
0x000000018f7ab000 	/System/Library/Frameworks/CoreImage.framework/Versions/A/CoreImage
0x0000000186f96000 	/System/Library/Frameworks/CoreText.framework/Versions/A/CoreText
0x00000001ef27e000 	/System/Library/Frameworks/CoreTransferable.framework/Versions/A/CoreTransferable
0x00000001ef760000 	/System/Library/Frameworks/DeveloperToolsSupport.framework/Versions/A/DeveloperToolsSupport
0x000000018f491000 	/System/Library/Frameworks/ImageIO.framework/Versions/A/ImageIO
0x00000001f3ee1000 	/System/Library/Frameworks/Symbols.framework/Versions/A/Symbols
0x00000001913ab000 	/System/Library/PrivateFrameworks/SoftLinking.framework/Versions/A/SoftLinking
0x00000001943c1000 	/usr/lib/swift/libswiftCore.dylib
0x00000001a96ae000 	/usr/lib/swift/libswiftCoreFoundation.dylib
0x00000001a747d000 	/usr/lib/swift/libswiftCoreGraphics.dylib
0x00000001a96fa000 	/usr/lib/swift/libswiftCoreImage.dylib
0x00000001a7484000 	/usr/lib/swift/libswiftDarwin.dylib
0x0000000199f85000 	/usr/lib/swift/libswiftDispatch.dylib
0x00000001a96fb000 	/usr/lib/swift/libswiftIOKit.dylib
0x00000001b504e000 	/usr/lib/swift/libswiftMetal.dylib
0x00000001c1973000 	/usr/lib/swift/libswiftOSLog.dylib
0x000000019c75f000 	/usr/lib/swift/libswiftObjectiveC.dylib
0x00000001b8cb6000 	/usr/lib/swift/libswiftQuartzCore.dylib
0x00000001bccd6000 	/usr/lib/swift/libswiftUniformTypeIdentifiers.dylib
0x00000001a96c4000 	/usr/lib/swift/libswiftXPC.dylib
0x0000000223d08000 	/usr/lib/swift/libswift_Concurrency.dylib
0x000000019c763000 	/usr/lib/swift/libswiftos.dylib
0x00000001ac85f000 	/usr/lib/swift/libswiftsimd.dylib
0x0000000191558000 	/usr/lib/libcompression.dylib
0x00000001938e7000 	/System/Library/PrivateFrameworks/TextureIO.framework/Versions/A/TextureIO
0x0000000192941000 	/usr/lib/libate.dylib
0x00000001927f4000 	/usr/lib/liblzma.5.dylib
0x00000001913a7000 	/usr/lib/libfakelink.dylib
0x0000000189db7000 	/System/Library/Frameworks/CFNetwork.framework/Versions/A/CFNetwork
0x00000001913fb000 	/usr/lib/libarchive.2.dylib
0x000000019681b000 	/System/Library/Frameworks/Combine.framework/Versions/A/Combine
0x00000001f94ff000 	/System/Library/PrivateFrameworks/CollectionsInternal.framework/Versions/A/CollectionsInternal
0x000000020f042000 	/System/Library/PrivateFrameworks/ReflectionInternal.framework/Versions/A/ReflectionInternal
0x000000020f62e000 	/System/Library/PrivateFrameworks/RuntimeInternal.framework/Versions/A/RuntimeInternal
0x0000000223e51000 	/usr/lib/swift/libswift_StringProcessing.dylib
0x0000000188203000 	/System/Library/PrivateFrameworks/CoreServicesInternal.framework/Versions/A/CoreServicesInternal
0x00000001908f7000 	/usr/lib/libbsm.0.dylib
0x000000019133b000 	/usr/lib/system/libkxld.dylib
0x000000018d376000 	/System/Library/Frameworks/CoreServices.framework/Versions/A/Frameworks/FSEvents.framework/Versions/A/FSEvents
0x0000000187efe000 	/System/Library/Frameworks/CoreServices.framework/Versions/A/Frameworks/CarbonCore.framework/Versions/A/CarbonCore
0x000000018c835000 	/System/Library/Frameworks/CoreServices.framework/Versions/A/Frameworks/Metadata.framework/Versions/A/Metadata
0x0000000190fdc000 	/System/Library/Frameworks/CoreServices.framework/Versions/A/Frameworks/OSServices.framework/Versions/A/OSServices
0x0000000191484000 	/System/Library/Frameworks/CoreServices.framework/Versions/A/Frameworks/SearchKit.framework/Versions/A/SearchKit
0x000000018bb51000 	/System/Library/Frameworks/CoreServices.framework/Versions/A/Frameworks/AE.framework/Versions/A/AE
0x0000000185088000 	/System/Library/Frameworks/CoreServices.framework/Versions/A/Frameworks/LaunchServices.framework/Versions/A/LaunchServices
0x000000019279d000 	/System/Library/Frameworks/CoreServices.framework/Versions/A/Frameworks/DictionaryServices.framework/Versions/A/DictionaryServices
0x000000018d383000 	/System/Library/Frameworks/CoreServices.framework/Versions/A/Frameworks/SharedFileList.framework/Versions/A/SharedFileList
0x0000000191523000 	/usr/lib/libapple_nghttp2.dylib
0x000000018b7e7000 	/usr/lib/libsqlite3.dylib
0x000000018bbd8000 	/System/Library/Frameworks/Network.framework/Versions/A/Network
0x00000002227a6000 	/usr/lib/libCoreEntitlements.dylib
0x000000020a4d5000 	/System/Library/PrivateFrameworks/MessageSecurity.framework/Versions/A/MessageSecurity
0x000000018b7cd000 	/System/Library/PrivateFrameworks/ProtocolBuffer.framework/Versions/A/ProtocolBuffer
0x0000000190f05000 	/System/Library/PrivateFrameworks/AppleFSCompression.framework/Versions/A/AppleFSCompression
0x00000001908df000 	/usr/lib/libcoretls.dylib
0x000000019280d000 	/usr/lib/libcoretls_cfhelpers.dylib
0x0000000191552000 	/usr/lib/libpam.2.dylib
0x000000019287e000 	/usr/lib/libxar.1.dylib
0x0000000192c65000 	/usr/lib/libheimdal-asn1.dylib
0x0000000189db6000 	/usr/lib/libnetwork.dylib
0x00000001913ac000 	/usr/lib/libpcap.A.dylib
0x000000018bbc5000 	/usr/lib/libdns_services.dylib
0x000000018fbba000 	/System/Library/PrivateFrameworks/AppleSystemInfo.framework/Versions/A/AppleSystemInfo
0x00000001905e1000 	/System/Library/PrivateFrameworks/IOMobileFramebuffer.framework/Versions/A/IOMobileFramebuffer
0x0000000223da5000 	/usr/lib/swift/libswift_RegexParser.dylib
0x0000000190fc9000 	/usr/lib/libbz2.1.0.dylib
0x00000001908d3000 	/usr/lib/libCheckFix.dylib
0x000000018a230000 	/System/Library/PrivateFrameworks/TCC.framework/Versions/A/TCC
0x000000018fbc0000 	/System/Library/PrivateFrameworks/CoreNLP.framework/Versions/A/CoreNLP
0x000000018c7ee000 	/System/Library/PrivateFrameworks/MetadataUtilities.framework/Versions/A/MetadataUtilities
0x0000000190909000 	/usr/lib/libmecab.dylib
0x00000001859f7000 	/usr/lib/libCRFSuite.dylib
0x0000000190965000 	/usr/lib/libgermantok.dylib
0x00000001914fb000 	/usr/lib/libThaiTokenizer.dylib
0x000000018c8d9000 	/System/Library/Frameworks/Accelerate.framework/Versions/A/Frameworks/vImage.framework/Versions/A/vImage
0x00000001988f5000 	/System/Library/Frameworks/Accelerate.framework/Versions/A/Frameworks/vecLib.framework/Versions/A/vecLib
0x00000001928c5000 	/System/Library/Frameworks/Accelerate.framework/Versions/A/Frameworks/vecLib.framework/Versions/A/libvMisc.dylib
0x00000001904bd000 	/System/Library/Frameworks/Accelerate.framework/Versions/A/Frameworks/vecLib.framework/Versions/A/libvDSP.dylib
0x0000000185486000 	/System/Library/Frameworks/Accelerate.framework/Versions/A/Frameworks/vecLib.framework/Versions/A/libBLAS.dylib
0x000000019162b000 	/System/Library/Frameworks/Accelerate.framework/Versions/A/Frameworks/vecLib.framework/Versions/A/libLAPACK.dylib
0x0000000190968000 	/System/Library/Frameworks/Accelerate.framework/Versions/A/Frameworks/vecLib.framework/Versions/A/libLinearAlgebra.dylib
0x000000019153d000 	/System/Library/Frameworks/Accelerate.framework/Versions/A/Frameworks/vecLib.framework/Versions/A/libSparseBLAS.dylib
0x0000000191626000 	/System/Library/Frameworks/Accelerate.framework/Versions/A/Frameworks/vecLib.framework/Versions/A/libQuadrature.dylib
0x000000018fce2000 	/System/Library/Frameworks/Accelerate.framework/Versions/A/Frameworks/vecLib.framework/Versions/A/libBNNS.dylib
0x00000001858fd000 	/System/Library/Frameworks/Accelerate.framework/Versions/A/Frameworks/vecLib.framework/Versions/A/libSparse.dylib
0x0000000208d08000 	/System/Library/PrivateFrameworks/MIL.framework/Versions/A/MIL
0x00000001913e2000 	/usr/lib/libiconv.2.dylib
0x000000019132f000 	/usr/lib/libcharset.1.dylib
0x000000018d356000 	/System/Library/Frameworks/OpenDirectory.framework/Versions/A/Frameworks/CFOpenDirectory.framework/Versions/A/CFOpenDirectory
0x000000018d346000 	/System/Library/Frameworks/OpenDirectory.framework/Versions/A/OpenDirectory
0x000000019280f000 	/System/Library/PrivateFrameworks/APFS.framework/Versions/A/APFS
0x0000000190811000 	/System/Library/Frameworks/SecurityFoundation.framework/Versions/A/SecurityFoundation
0x000000019288d000 	/usr/lib/libutil.dylib
0x0000000206fcb000 	/System/Library/PrivateFrameworks/InstalledContentLibrary.framework/Versions/A/InstalledContentLibrary
0x0000000188243000 	/System/Library/PrivateFrameworks/CoreServicesStore.framework/Versions/A/CoreServicesStore
0x00000001f710b000 	/System/Library/PrivateFrameworks/AppleMobileFileIntegrity.framework/Versions/A/AppleMobileFileIntegrity
0x00000001a968d000 	/usr/lib/libmis.dylib
0x00000001b917d000 	/System/Library/PrivateFrameworks/MobileSystemServices.framework/Versions/A/MobileSystemServices
0x00000001e9e65000 	/System/Library/PrivateFrameworks/ConfigProfileHelper.framework/Versions/A/ConfigProfileHelper
0x00000001914fd000 	/System/Library/PrivateFrameworks/AppleSauce.framework/Versions/A/AppleSauce
0x0000000186928000 	/System/Library/PrivateFrameworks/LanguageModeling.framework/Versions/A/LanguageModeling
0x0000000192891000 	/usr/lib/libxslt.1.dylib
0x00000001913e9000 	/usr/lib/libcmph.dylib
0x00000001905ae000 	/System/Library/PrivateFrameworks/CoreEmoji.framework/Versions/A/CoreEmoji
0x000000018fcdc000 	/System/Library/PrivateFrameworks/LinguisticData.framework/Versions/A/LinguisticData
0x0000000185810000 	/System/Library/PrivateFrameworks/Lexicon.framework/Versions/A/Lexicon
0x000000019089f000 	/System/Library/PrivateFrameworks/BackgroundTaskManagement.framework/Versions/A/BackgroundTaskManagement
0x000000022298f000 	/usr/lib/libTLE.dylib
0x000000019314c000 	/System/Library/PrivateFrameworks/AppleJPEG.framework/Versions/A/AppleJPEG
0x0000000192c4a000 	/usr/lib/libexpat.1.dylib
0x0000000193746000 	/System/Library/Frameworks/ImageIO.framework/Versions/A/Resources/libPng.dylib
0x0000000193771000 	/System/Library/Frameworks/ImageIO.framework/Versions/A/Resources/libTIFF.dylib
0x000000019385c000 	/System/Library/Frameworks/ImageIO.framework/Versions/A/Resources/libGIF.dylib
0x0000000193192000 	/System/Library/Frameworks/ImageIO.framework/Versions/A/Resources/libJP2.dylib
0x0000000193801000 	/System/Library/Frameworks/ImageIO.framework/Versions/A/Resources/libJPEG.dylib
0x00000001937f8000 	/System/Library/Frameworks/ImageIO.framework/Versions/A/Resources/libRadiance.dylib
0x000000018f013000 	/System/Library/PrivateFrameworks/FontServices.framework/libFontParser.dylib
0x000000018baef000 	/System/Library/PrivateFrameworks/RunningBoardServices.framework/Versions/A/RunningBoardServices
0x000000019effa000 	/System/Library/PrivateFrameworks/IOSurfaceAccelerator.framework/Versions/A/IOSurfaceAccelerator
0x0000000193282000 	/System/Library/PrivateFrameworks/WatchdogClient.framework/Versions/A/WatchdogClient
0x0000000186b0b000 	/System/Library/Frameworks/CoreDisplay.framework/Versions/A/CoreDisplay
0x000000018eecd000 	/System/Library/Frameworks/CoreMedia.framework/Versions/A/CoreMedia
0x000000018ec75000 	/System/Library/PrivateFrameworks/IOAccelerator.framework/Versions/A/IOAccelerator
0x000000018d4e8000 	/System/Library/Frameworks/CoreVideo.framework/Versions/A/CoreVideo
0x0000000191550000 	/System/Library/Frameworks/MetalPerformanceShaders.framework/Versions/A/MetalPerformanceShaders
0x00000001932c5000 	/System/Library/Frameworks/VideoToolbox.framework/Versions/A/VideoToolbox
0x000000018d583000 	/System/Library/PrivateFrameworks/UserManagement.framework/Versions/A/UserManagement
0x000000018ba1e000 	/System/Library/PrivateFrameworks/BaseBoard.framework/Versions/A/BaseBoard
0x000000018fbb8000 	/System/Library/PrivateFrameworks/AggregateDictionary.framework/Versions/A/AggregateDictionary
0x00000001f708b000 	/System/Library/PrivateFrameworks/AppleKeyStore.framework/Versions/A/AppleKeyStore
0x00000001937f3000 	/System/Library/PrivateFrameworks/GPUWrangler.framework/Versions/A/GPUWrangler
0x00000001937d3000 	/System/Library/PrivateFrameworks/IOPresentment.framework/Versions/A/IOPresentment
0x00000001937fb000 	/System/Library/PrivateFrameworks/DSExternalDisplay.framework/Versions/A/DSExternalDisplay
0x000000020317c000 	/System/Library/PrivateFrameworks/GPUCompiler.framework/Versions/32023/Libraries/libllvm-flatbuffers.dylib
0x00000001eca55000 	/System/Library/Frameworks/OpenGL.framework/Versions/A/Libraries/libCoreFSCache.dylib
0x00000001ffe38000 	/System/Library/PrivateFrameworks/GPUCompiler.framework/Versions/32023/Libraries/libGPUCompilerUtils.dylib
0x0000000193862000 	/System/Library/PrivateFrameworks/CMCaptureCore.framework/Versions/A/CMCaptureCore
0x00000001ef865000 	/System/Library/Frameworks/ExtensionFoundation.framework/Versions/A/ExtensionFoundation
0x000000019a7be000 	/System/Library/PrivateFrameworks/CoreTime.framework/Versions/A/CoreTime
0x0000000192e1b000 	/System/Library/PrivateFrameworks/AppServerSupport.framework/Versions/A/AppServerSupport
0x000000019536d000 	/System/Library/PrivateFrameworks/perfdata.framework/Versions/A/perfdata
0x0000000186c2f000 	/System/Library/PrivateFrameworks/AudioToolboxCore.framework/Versions/A/AudioToolboxCore
0x000000018eea3000 	/System/Library/PrivateFrameworks/caulk.framework/Versions/A/caulk
0x0000000194be8000 	/usr/lib/libAudioStatistics.dylib
0x00000001a8a2b000 	/System/Library/PrivateFrameworks/SystemPolicy.framework/Versions/A/SystemPolicy
0x0000000194ec0000 	/usr/lib/libSMC.dylib
0x000000019e60d000 	/System/Library/Frameworks/CoreMIDI.framework/Versions/A/CoreMIDI
0x000000019370d000 	/usr/lib/libAudioToolboxUtility.dylib
0x00000001a43dd000 	/System/Library/PrivateFrameworks/OSAServicesClient.framework/Versions/A/OSAServicesClient
0x000000019537b000 	/usr/lib/libperfcheck.dylib
0x0000000192b34000 	/System/Library/PrivateFrameworks/PlugInKit.framework/Versions/A/PlugInKit
0x0000000190803000 	/System/Library/PrivateFrameworks/AssertionServices.framework/Versions/A/AssertionServices
0x000000019d727000 	/System/Library/PrivateFrameworks/ASEProcessing.framework/Versions/A/ASEProcessing
0x00000001c4ced000 	/System/Library/PrivateFrameworks/Symbolication.framework/Versions/A/Symbolication
0x000000020e0c3000 	/System/Library/PrivateFrameworks/PhotosensitivityProcessing.framework/Versions/A/PhotosensitivityProcessing
0x0000000192dcd000 	/System/Library/PrivateFrameworks/GraphVisualizer.framework/Versions/A/GraphVisualizer
0x00000001ecab7000 	/System/Library/Frameworks/OpenGL.framework/Versions/A/Libraries/libGLU.dylib
0x00000001eca76000 	/System/Library/Frameworks/OpenGL.framework/Versions/A/Libraries/libGFXShared.dylib
0x00000001ecc4f000 	/System/Library/Frameworks/OpenGL.framework/Versions/A/Libraries/libGL.dylib
0x00000001eca7f000 	/System/Library/Frameworks/OpenGL.framework/Versions/A/Libraries/libGLImage.dylib
0x00000001eca73000 	/System/Library/Frameworks/OpenGL.framework/Versions/A/Libraries/libCVMSPluginSupport.dylib
0x0000000222948000 	/usr/lib/libRosetta.dylib
0x00000001eca5c000 	/System/Library/Frameworks/OpenGL.framework/Versions/A/Libraries/libCoreVMClient.dylib
0x00000001fe05a000 	/System/Library/PrivateFrameworks/FontServices.framework/Versions/A/FontServices
0x0000000192dd9000 	/System/Library/PrivateFrameworks/OTSVG.framework/Versions/A/OTSVG
0x000000018d08a000 	/System/Library/Frameworks/ApplicationServices.framework/Versions/A/Frameworks/ATS.framework/Versions/A/Resources/libFontRegistry.dylib
0x0000000192e25000 	/System/Library/PrivateFrameworks/FontServices.framework/libhvf.dylib
0x00000001fe05b000 	/System/Library/PrivateFrameworks/FontServices.framework/libXTFontStaticRegistryData.dylib
0x000000018fb2f000 	/System/Library/Frameworks/MetalPerformanceShaders.framework/Versions/A/Frameworks/MPSCore.framework/Versions/A/MPSCore
0x0000000190e78000 	/System/Library/Frameworks/MetalPerformanceShaders.framework/Versions/A/Frameworks/MPSImage.framework/Versions/A/MPSImage
0x000000019097d000 	/System/Library/Frameworks/MetalPerformanceShaders.framework/Versions/A/Frameworks/MPSNeuralNetwork.framework/Versions/A/MPSNeuralNetwork
0x0000000190d6b000 	/System/Library/Frameworks/MetalPerformanceShaders.framework/Versions/A/Frameworks/MPSMatrix.framework/Versions/A/MPSMatrix
0x0000000190b77000 	/System/Library/Frameworks/MetalPerformanceShaders.framework/Versions/A/Frameworks/MPSRayIntersector.framework/Versions/A/MPSRayIntersector
0x0000000190d9a000 	/System/Library/Frameworks/MetalPerformanceShaders.framework/Versions/A/Frameworks/MPSNDArray.framework/Versions/A/MPSNDArray
0x00000001f1777000 	/System/Library/Frameworks/MetalPerformanceShaders.framework/Versions/A/Frameworks/MPSFunctions.framework/Versions/A/MPSFunctions
0x00000001f1759000 	/System/Library/Frameworks/MetalPerformanceShaders.framework/Versions/A/Frameworks/MPSBenchmarkLoop.framework/Versions/A/MPSBenchmarkLoop
0x000000018533b000 	/System/Library/PrivateFrameworks/MetalTools.framework/Versions/A/MetalTools
0x00000001ada17000 	/System/Library/PrivateFrameworks/IOAccelMemoryInfo.framework/Versions/A/IOAccelMemoryInfo
0x00000001b908a000 	/System/Library/PrivateFrameworks/kperf.framework/Versions/A/kperf
0x00000001a96a1000 	/System/Library/PrivateFrameworks/GPURawCounter.framework/Versions/A/GPURawCounter
0x000000019a6ae000 	/System/Library/PrivateFrameworks/CoreSymbolication.framework/Versions/A/CoreSymbolication
0x00000001a965e000 	/System/Library/PrivateFrameworks/MallocStackLogging.framework/Versions/A/MallocStackLogging
0x00000001929db000 	/System/Library/PrivateFrameworks/CrashReporterSupport.framework/Versions/A/CrashReporterSupport
0x000000019a669000 	/System/Library/PrivateFrameworks/DebugSymbols.framework/Versions/A/DebugSymbols
0x00000001b83dd000 	/System/Library/PrivateFrameworks/OSAnalytics.framework/Versions/A/OSAnalytics
0x0000000219eb9000 	/System/Library/PrivateFrameworks/VideoToolboxParavirtualizationSupport.framework/Versions/A/VideoToolboxParavirtualizationSupport
0x0000000192bfe000 	/System/Library/PrivateFrameworks/AppleVA.framework/Versions/A/AppleVA
0x0000000194c30000 	/System/Library/Frameworks/ApplicationServices.framework/Versions/A/Frameworks/ATS.framework/Versions/A/ATS
0x000000018af6f000 	/System/Library/Frameworks/ApplicationServices.framework/Versions/A/Frameworks/HIServices.framework/Versions/A/HIServices
0x000000019386f000 	/System/Library/Frameworks/ApplicationServices.framework/Versions/A/Frameworks/PrintCore.framework/Versions/A/PrintCore
0x0000000195019000 	/System/Library/Frameworks/ApplicationServices.framework/Versions/A/Frameworks/QD.framework/Versions/A/QD
0x000000019500d000 	/System/Library/Frameworks/ApplicationServices.framework/Versions/A/Frameworks/ColorSyncLegacy.framework/Versions/A/ColorSyncLegacy
0x0000000194c00000 	/System/Library/Frameworks/ApplicationServices.framework/Versions/A/Frameworks/SpeechSynthesis.framework/Versions/A/SpeechSynthesis
0x000000019382c000 	/System/Library/Frameworks/ApplicationServices.framework/Versions/A/Frameworks/ATSUI.framework/Versions/A/ATSUI
0x0000000194fa0000 	/usr/lib/libcups.2.dylib
0x0000000195389000 	/System/Library/Frameworks/Kerberos.framework/Versions/A/Kerberos
0x000000019539a000 	/System/Library/Frameworks/GSS.framework/Versions/A/GSS
0x0000000194caf000 	/usr/lib/libresolv.9.dylib
0x0000000192e36000 	/System/Library/PrivateFrameworks/Heimdal.framework/Versions/A/Heimdal
0x000000019c6cb000 	/System/Library/Frameworks/Kerberos.framework/Versions/A/Libraries/libHeimdalProxy.dylib
0x00000001953f4000 	/System/Library/PrivateFrameworks/CommonAuth.framework/Versions/A/CommonAuth
0x00000001ee66a000 	/System/Library/Frameworks/AVFAudio.framework/Versions/A/AVFAudio
0x00000001a442c000 	/System/Library/PrivateFrameworks/AXCoreUtilities.framework/Versions/A/AXCoreUtilities
0x0000000194b6c000 	/System/Library/PrivateFrameworks/AudioSession.framework/Versions/A/AudioSession
0x00000001965be000 	/System/Library/Frameworks/IOBluetooth.framework/Versions/A/IOBluetooth
0x0000000192d09000 	/System/Library/PrivateFrameworks/MediaExperience.framework/Versions/A/MediaExperience
0x00000001949b0000 	/System/Library/PrivateFrameworks/AudioSession.framework/libSessionUtility.dylib
0x0000000195025000 	/System/Library/PrivateFrameworks/AudioResourceArbitration.framework/Versions/A/AudioResourceArbitration
0x0000000199647000 	/System/Library/PrivateFrameworks/PowerLog.framework/Versions/A/PowerLog
0x000000019956a000 	/System/Library/Frameworks/CoreBluetooth.framework/Versions/A/CoreBluetooth
0x000000019c6cc000 	/System/Library/Frameworks/AudioUnit.framework/Versions/A/AudioUnit
0x000000019066e000 	/System/Library/PrivateFrameworks/CoreUtils.framework/Versions/A/CoreUtils
0x00000001fc62b000 	/System/Library/PrivateFrameworks/CoreUtilsExtras.framework/Versions/A/CoreUtilsExtras
0x0000000206e5e000 	/System/Library/PrivateFrameworks/IO80211.framework/Versions/A/IO80211
0x00000001a4447000 	/usr/lib/libAccessibility.dylib
0x0000000198c6e000 	/System/Library/Frameworks/MediaAccessibility.framework/Versions/A/MediaAccessibility
0x000000019a1e6000 	/System/Library/PrivateFrameworks/FrontBoardServices.framework/Versions/A/FrontBoardServices
0x000000019bcb5000 	/System/Library/PrivateFrameworks/BackBoardServices.framework/Versions/A/BackBoardServices
0x000000019a2a0000 	/System/Library/PrivateFrameworks/BoardServices.framework/Versions/A/BoardServices
0x0000000192c70000 	/System/Library/PrivateFrameworks/IconFoundation.framework/Versions/A/IconFoundation
0x0000000198506000 	/System/Library/PrivateFrameworks/SpeechRecognitionCore.framework/Versions/A/SpeechRecognitionCore
0x00000001c80a5000 	/System/Library/Frameworks/OSLog.framework/Versions/A/OSLog
0x00000001a95ee000 	/System/Library/PrivateFrameworks/LoggingSupport.framework/Versions/A/LoggingSupport
0x000000010900c000 	/Library/Java/JavaVirtualMachines/temurin-17.jdk/Contents/Home/lib/server/libjvm.dylib
0x0000000102a7c000 	/Library/Java/JavaVirtualMachines/temurin-17.jdk/Contents/Home/lib/libjimage.dylib
0x0000000102aac000 	/Library/Java/JavaVirtualMachines/temurin-17.jdk/Contents/Home/lib/libinstrument.dylib
0x0000000102afc000 	/Library/Java/JavaVirtualMachines/temurin-17.jdk/Contents/Home/lib/libjava.dylib
0x0000000102c44000 	/private/var/folders/f3/ctzdcn5x00s813l706yxzb_40000gn/T/libasyncProfiler.dylib
0x0000000102ae4000 	/Library/Java/JavaVirtualMachines/temurin-17.jdk/Contents/Home/lib/libzip.dylib
0x0000000102cd0000 	/Library/Java/JavaVirtualMachines/temurin-17.jdk/Contents/Home/lib/libnio.dylib
0x0000000102cf0000 	/Library/Java/JavaVirtualMachines/temurin-17.jdk/Contents/Home/lib/libnet.dylib
0x0000000102c18000 	/Library/Java/JavaVirtualMachines/temurin-17.jdk/Contents/Home/lib/libextnet.dylib
0x0000000102d14000 	/Library/Java/JavaVirtualMachines/temurin-17.jdk/Contents/Home/lib/libmanagement.dylib
0x0000000102d28000 	/Library/Java/JavaVirtualMachines/temurin-17.jdk/Contents/Home/lib/libmanagement_ext.dylib


VM Arguments:
jvm_args: -XX:TieredStopAtLevel=1 -Dspring.output.ansi.enabled=always -Dcom.sun.management.jmxremote -Dspring.jmx.enabled=true -Dspring.liveBeansView.mbeanDomain -Dspring.application.admin.enabled=true -Dmanagement.endpoints.jmx.exposure.include=* -javaagent:/Users/gimminjae/Library/Application Support/JetBrains/Toolbox/apps/IDEA-U/ch-0/232.10227.8/IntelliJ IDEA.app/Contents/lib/idea_rt.jar=56334:/Users/gimminjae/Library/Application Support/JetBrains/Toolbox/apps/IDEA-U/ch-0/232.10227.8/IntelliJ IDEA.app/Contents/bin -agentpath:/private/var/folders/f3/ctzdcn5x00s813l706yxzb_40000gn/T/libasyncProfiler.dylib=start,jfr,event=wall,interval=10ms,jfrsync=profile,cstack=no,file=/Users/gimminjae/IdeaSnapshots/ServerApplication_2023_11_22_162210.jfr,log=/private/var/folders/f3/ctzdcn5x00s813l706yxzb_40000gn/T/ServerApplication_2023_11_22_162210.jfr.log.txt,logLevel=DEBUG -Dfile.encoding=UTF-8 
java_command: com.aim.server.ServerApplicationKt
java_class_path (initial): /Users/gimminjae/Desktop/develop/2023/vvip/server/build/classes/kotlin/main:/Users/gimminjae/Desktop/develop/2023/vvip/server/build/classes/java/main:/Users/gimminjae/Desktop/develop/2023/vvip/server/build/tmp/kapt3/classes/main:/Users/gimminjae/Desktop/develop/2023/vvip/server/build/resources/main:/Users/gimminjae/.gradle/caches/modules-2/files-2.1/io.github.oshai/kotlin-logging-jvm/5.1.0/8bad1ee11168a914bd86b1a5ab4f7fadb7156d6a/kotlin-logging-jvm-5.1.0.jar:/Users/gimminjae/.gradle/caches/modules-2/files-2.1/org.jetbrains.kotlin/kotlin-stdlib-jdk8/1.8.22/b25c86d47d6b962b9cf0f8c3f320c8a10eea3dd1/kotlin-stdlib-jdk8-1.8.22.jar:/Users/gimminjae/.gradle/caches/modules-2/files-2.1/org.springframework.boot/spring-boot-starter-data-jpa/3.1.5/5fdcfab1fe9d6dddf4352d71f5ed879eb1aa92c2/spring-boot-starter-data-jpa-3.1.5.jar:/Users/gimminjae/.gradle/caches/modules-2/files-2.1/org.springframework.boot/spring-boot-starter-web/3.1.5/3674e5603cc25bc4dccf73b97d50234332fc3d72/spring-boot-starter-web-3.1.5.jar:/Users/gimminjae/.gradle/caches/modules-2/files-2.1/com.fasterxml.jackson.module/jackson-module-kotlin/2.15.3/36ea7813ada694e67f562ff1dc6f3b47883e373/jackson-module-kotlin-2.15.3.jar:/Users/gimminjae/.gradle/caches/modules-2/files-2.1/org.jetbrains.kotlin/kotlin-reflect/1.8.22/b52be44bc57cb6fd2169a29aefa4507c4e49c858/kotlin-reflect-1.8.22.jar:/Users/gimminjae/.gradle/caches/modules-2/files-2.1/org.springframework.boot/spring-boot-starter-security/3.1.5/5609ddc1b11034278ca1174bfef45d0bea96f060/spring-boot-starter-security-3.1.5.jar:/Users/gimminjae/.gradle/caches/modules-2/files-2.1/org.postgresql/postgresql/42.6.0/7614cfce466145b84972781ab0079b8dea49e363/postgresql-42.6.0.jar:/Users/gimminjae/.gradle/caches/modules-2/files-2.1/com.querydsl/querydsl-jpa/5.0.0/2a653852848dee41b967d3520be3339f0f92f1ea/querydsl-jpa-5.0.0-jakarta.jar:/Users/gimminjae/.gradle/caches/modules-2/files-2.1/com.google.code.gson/gson/2.10.1/b3add478d4382b78ea20b1671390a858002feb
Launcher Type: SUN_STANDARD

[Global flags]
     intx CICompilerCount                          = 4                                         {product} {ergonomic}
     uint ConcGCThreads                            = 2                                         {product} {ergonomic}
     bool FlightRecorder                           = true                                      {product} {management}
     uint G1ConcRefinementThreads                  = 9                                         {product} {ergonomic}
   size_t G1HeapRegionSize                         = 4194304                                   {product} {ergonomic}
    uintx GCDrainStackTargetSize                   = 64                                        {product} {ergonomic}
   size_t InitialHeapSize                          = 536870912                                 {product} {ergonomic}
     bool ManagementServer                         = true                                      {product} {command line}
   size_t MarkStackSize                            = 4194304                                   {product} {ergonomic}
   size_t MaxHeapSize                              = 8589934592                                {product} {ergonomic}
   size_t MaxNewSize                               = 5150605312                                {product} {ergonomic}
   size_t MinHeapDeltaBytes                        = 4194304                                   {product} {ergonomic}
   size_t MinHeapSize                              = 8388608                                   {product} {ergonomic}
    uintx NonProfiledCodeHeapSize                  = 0                                      {pd product} {ergonomic}
     bool ProfileInterpreter                       = false                                  {pd product} {command line}
    uintx ProfiledCodeHeapSize                     = 0                                      {pd product} {ergonomic}
   size_t SoftMaxHeapSize                          = 8589934592                             {manageable} {ergonomic}
     intx TieredStopAtLevel                        = 1                                         {product} {command line}
     bool UseCompressedClassPointers               = true                           {product lp64_product} {ergonomic}
     bool UseCompressedOops                        = true                           {product lp64_product} {ergonomic}
     bool UseG1GC                                  = true                                      {product} {ergonomic}
     bool UseNUMA                                  = false                                     {product} {ergonomic}
     bool UseNUMAInterleaving                      = false                                     {product} {ergonomic}

Logging:
Log output configuration:
 #0: stdout all=warning,jni+resolve=error uptime,level,tags (reconfigured)
 #1: stderr all=off uptime,level,tags

Environment Variables:
JAVA_HOME=/Library/Java/JavaVirtualMachines/temurin-17.jdk/Contents/Home
PATH=/Users/gimminjae/.docker/bin:/opt/homebrew/bin:/usr/local/bin:/usr/bin:/bin:/usr/sbin:/sbin
SHELL=/bin/zsh
LC_CTYPE=ko_KR.UTF-8
TMPDIR=/var/folders/f3/ctzdcn5x00s813l706yxzb_40000gn/T/

Active Locale:
LC_ALL=C/ko_KR.UTF-8/C/C/C/C
LC_COLLATE=C
LC_CTYPE=ko_KR.UTF-8
LC_MESSAGES=C
LC_MONETARY=C
LC_NUMERIC=C
LC_TIME=C

Signal Handlers:
   SIGSEGV: crash_handler in libjvm.dylib, mask=11100110000111110111111111111111, flags=SA_RESTART|SA_SIGINFO, unblocked
    SIGBUS: crash_handler in libjvm.dylib, mask=11100110000111110111111111111111, flags=SA_RESTART|SA_SIGINFO, unblocked
    SIGFPE: crash_handler in libjvm.dylib, mask=11100110000111110111111111111111, flags=SA_RESTART|SA_SIGINFO, unblocked
   SIGPIPE: javaSignalHandler in libjvm.dylib, mask=11100110000111110111111111111111, flags=SA_RESTART|SA_SIGINFO, blocked
   SIGXFSZ: javaSignalHandler in libjvm.dylib, mask=11100110000111110111111111111111, flags=SA_RESTART|SA_SIGINFO, blocked
    SIGILL: crash_handler in libjvm.dylib, mask=11100110000111110111111111111111, flags=SA_RESTART|SA_SIGINFO, unblocked
   SIGUSR2: SR_handler in libjvm.dylib, mask=00100000000000000000000000000000, flags=SA_RESTART|SA_SIGINFO, blocked
    SIGHUP: UserHandler in libjvm.dylib, mask=11100110000111110111111111111111, flags=SA_RESTART|SA_SIGINFO, blocked
    SIGINT: UserHandler in libjvm.dylib, mask=11100110000111110111111111111111, flags=SA_RESTART|SA_SIGINFO, blocked
   SIGTERM: UserHandler in libjvm.dylib, mask=11100110000111110111111111111111, flags=SA_RESTART|SA_SIGINFO, blocked
   SIGQUIT: UserHandler in libjvm.dylib, mask=11100110000111110111111111111111, flags=SA_RESTART|SA_SIGINFO, blocked
   SIGTRAP: crash_handler in libjvm.dylib, mask=11100110000111110111111111111111, flags=SA_RESTART|SA_SIGINFO, unblocked


---------------  S Y S T E M  ---------------

OS:
uname: Darwin 23.1.0 Darwin Kernel Version 23.1.0: Mon Oct  9 21:27:24 PDT 2023; root:xnu-10002.41.9~6/RELEASE_ARM64_T6000 arm64
OS uptime: 1 days 1:05 hours
rlimit (soft/hard): STACK 8176k/65520k , CORE 0k/infinity , NPROC 5333/8000 , NOFILE 10240/infinity , AS infinity/infinity , CPU infinity/infinity , DATA infinity/infinity , FSIZE infinity/infinity , MEMLOCK infinity/infinity , RSS infinity/infinity
load average: 3.95 4.22 3.96

CPU: total 10 (initial active 10) 0x61:0x0:0x1b588bb3:0, fp, simd, crc, lse

Memory: 16k page, physical 33554432k(1274352k free), swap 0k(0k free)

vm_info: OpenJDK 64-Bit Server VM (17.0.7+7) for bsd-aarch64 JRE (17.0.7+7), built on Apr 18 2023 21:59:39 by "temurin" with clang Apple LLVM 12.0.0 (clang-1200.0.32.29)

END.
